Log file open, 10/08/20 19:11:30
LogWindows: Failed to load 'aqProf.dll' (GetLastError=126)
LogWindows: File 'aqProf.dll' does not exist
LogWindows: Failed to load 'VtuneApi.dll' (GetLastError=126)
LogWindows: File 'VtuneApi.dll' does not exist
LogWindows: Failed to load 'VtuneApi32e.dll' (GetLastError=126)
LogWindows: File 'VtuneApi32e.dll' does not exist
LogConsoleResponse: Display: Failed to find resolution value strings in scalability ini. Falling back to default.
LogInit: Display: Running engine for game: Homework3
LogPakFile: Registered encryption key '00000000000000000000000000000000': 0 pak files mounted, 0 remain pending
LogPlatformFile: Not using cached read wrapper
LogTaskGraph: Started task graph with 5 named threads and 23 total threads with 3 sets of task threads.
LogStats: Stats thread started at 0.318786
LogD3D11RHI: Loaded GFSDK_Aftermath_Lib.x64.dll
LogICUInternationalization: ICU TimeZone Detection - Raw Offset: -5:00, Platform Override: ''
LogPluginManager: Mounting plugin Paper2D
LogPluginManager: Mounting plugin AISupport
LogPluginManager: Mounting plugin LightPropagationVolume
LogPluginManager: Mounting plugin ActorLayerUtilities
LogPluginManager: Mounting plugin AnimationSharing
LogPluginManager: Mounting plugin CLionSourceCodeAccess
LogPluginManager: Mounting plugin CodeLiteSourceCodeAccess
LogPluginManager: Mounting plugin GitSourceControl
LogPluginManager: Mounting plugin KDevelopSourceCodeAccess
LogPluginManager: Mounting plugin NullSourceCodeAccess
LogPluginManager: Mounting plugin PerforceSourceControl
LogPluginManager: Mounting plugin SubversionSourceControl
LogPluginManager: Mounting plugin UObjectPlugin
LogPluginManager: Mounting plugin VisualStudioCodeSourceCodeAccess
LogPluginManager: Mounting plugin VisualStudioSourceCodeAccess
LogPluginManager: Mounting plugin XCodeSourceCodeAccess
LogPluginManager: Mounting plugin AssetManagerEditor
LogPluginManager: Mounting plugin CryptoKeys
LogPluginManager: Mounting plugin DataValidation
LogPluginManager: Mounting plugin FacialAnimation
LogPluginManager: Mounting plugin GameplayTagsEditor
LogPluginManager: Mounting plugin MacGraphicsSwitching
LogPluginManager: Mounting plugin MaterialAnalyzer
LogPluginManager: Mounting plugin MobileLauncherProfileWizard
LogPluginManager: Mounting plugin PluginBrowser
LogPluginManager: Mounting plugin SpeedTreeImporter
LogPluginManager: Mounting plugin DatasmithContent
LogPluginManager: Mounting plugin VariantManagerContent
LogPluginManager: Mounting plugin AlembicImporter
LogPluginManager: Mounting plugin AppleImageUtils
LogPluginManager: Mounting plugin AppleVision
LogPluginManager: Mounting plugin BackChannel
LogPluginManager: Mounting plugin CharacterAI
LogPluginManager: Mounting plugin GeometryCache
LogPluginManager: Mounting plugin HTML5Networking
LogPluginManager: Mounting plugin ProxyLODPlugin
LogPluginManager: Mounting plugin SkeletalReduction
LogPluginManager: Mounting plugin MagicLeap
LogPluginManager: Mounting plugin MagicLeapMedia
LogPluginManager: Mounting plugin AndroidMedia
LogPluginManager: Mounting plugin AvfMedia
LogPluginManager: Mounting plugin ImgMedia
LogPluginManager: Mounting plugin LinearTimecode
LogPluginManager: Mounting plugin MediaCompositing
LogPluginManager: Mounting plugin MediaPlayerEditor
LogPluginManager: Mounting plugin WebMMedia
LogPluginManager: Mounting plugin WmfMedia
LogPluginManager: Mounting plugin TcpMessaging
LogPluginManager: Mounting plugin UdpMessaging
LogPluginManager: Mounting plugin ActorSequence
LogPluginManager: Mounting plugin LevelSequenceEditor
LogPluginManager: Mounting plugin MatineeToLevelSequence
LogPluginManager: Mounting plugin NetcodeUnitTest
LogPluginManager: Mounting plugin NUTUnrealEngine4
LogPluginManager: Mounting plugin OnlineSubsystemGooglePlay
LogPluginManager: Mounting plugin OnlineSubsystemIOS
LogPluginManager: Mounting plugin OnlineSubsystem
LogPluginManager: Mounting plugin OnlineSubsystemNull
LogPluginManager: Mounting plugin OnlineSubsystemUtils
LogPluginManager: Mounting plugin LauncherChunkInstaller
LogPluginManager: Mounting plugin AndroidDeviceProfileSelector
LogPluginManager: Mounting plugin AndroidMoviePlayer
LogPluginManager: Mounting plugin AndroidPermission
LogPluginManager: Mounting plugin AppleMoviePlayer
LogPluginManager: Mounting plugin ArchVisCharacter
LogPluginManager: Mounting plugin AudioCapture
LogPluginManager: Mounting plugin CableComponent
LogPluginManager: Mounting plugin CustomMeshComponent
LogPluginManager: Mounting plugin EditableMesh
LogPluginManager: Mounting plugin ExampleDeviceProfileSelector
LogPluginManager: Mounting plugin Firebase
LogPluginManager: Mounting plugin GoogleCloudMessaging
LogPluginManager: Mounting plugin IOSDeviceProfileSelector
LogPluginManager: Mounting plugin LinuxDeviceProfileSelector
LogPluginManager: Mounting plugin LocationServicesBPLibrary
LogPluginManager: Mounting plugin MobilePatchingUtils
LogPluginManager: Mounting plugin OculusVR
LogPluginManager: Mounting plugin PhysXVehicles
LogPluginManager: Mounting plugin ProceduralMeshComponent
LogPluginManager: Mounting plugin RuntimePhysXCooking
LogPluginManager: Mounting plugin SignificanceManager
LogPluginManager: Mounting plugin SteamVR
LogPluginManager: Mounting plugin WebMMoviePlayer
LogPluginManager: Mounting plugin WindowsMoviePlayer
LogInit: Using libcurl 7.55.1-DEV
LogInit:  - built for x86_64-pc-win32
LogInit:  - supports SSL with OpenSSL/1.1.1
LogInit:  - supports HTTP deflate (compression) using libz 1.2.8
LogInit:  - other features:
LogInit:      CURL_VERSION_SSL
LogInit:      CURL_VERSION_LIBZ
LogInit:      CURL_VERSION_IPV6
LogInit:      CURL_VERSION_ASYNCHDNS
LogInit:      CURL_VERSION_LARGEFILE
LogInit:      CURL_VERSION_IDN
LogInit:  CurlRequestOptions (configurable via config and command line):
LogInit:  - bVerifyPeer = true  - Libcurl will verify peer certificate
LogInit:  - bUseHttpProxy = false  - Libcurl will NOT use HTTP proxy
LogInit:  - bDontReuseConnections = false  - Libcurl will reuse connections
LogInit:  - MaxHostConnections = 16  - Libcurl will limit the number of connections to a host
LogInit:  - LocalHostAddr = Default
LogInit:  - BufferSize = 65536
LogInit: WinSock: version 1.1 (2.2), MaxSocks=32767, MaxUdp=65467
LogInit: Build: ++UE4+Release-4.22-CL-7053642
LogInit: Engine Version: 4.22.3-7053642+++UE4+Release-4.22
LogInit: Compatible Engine Version: 4.22.0-5660361+++UE4+Release-4.22
LogInit: Net CL: 5660361
LogInit: OS: Windows 10 (Release 1909) (), CPU: Intel(R) Core(TM) i7-7700HQ CPU @ 2.80GHz, GPU: Intel(R) HD Graphics 630
LogInit: Compiled (64-bit): Jun 18 2019 03:09:11
LogInit: Compiled with Visual C++: 19.16.27025.01
LogInit: Build Configuration: Development
LogInit: Branch Name: ++UE4+Release-4.22
LogInit: Command Line: 
LogInit: Base Directory: L:/UE_4.22/Engine/Binaries/Win64/
LogInit: Installed Engine Build: 1
LogDevObjectVersion: Number of dev versions registered: 23
LogDevObjectVersion:   Dev-Blueprints (B0D832E4-1F89-4F0D-ACCF-7EB736FD4AA2): 10
LogDevObjectVersion:   Dev-Build (E1C64328-A22C-4D53-A36C-8E866417BD8C): 0
LogDevObjectVersion:   Dev-Core (375EC13C-06E4-48FB-B500-84F0262A717E): 3
LogDevObjectVersion:   Dev-Editor (E4B068ED-F494-42E9-A231-DA0B2E46BB41): 30
LogDevObjectVersion:   Dev-Framework (CFFC743F-43B0-4480-9391-14DF171D2073): 35
LogDevObjectVersion:   Dev-Mobile (B02B49B5-BB20-44E9-A304-32B752E40360): 2
LogDevObjectVersion:   Dev-Networking (A4E4105C-59A1-49B5-A7C5-40C4547EDFEE): 0
LogDevObjectVersion:   Dev-Online (39C831C9-5AE6-47DC-9A44-9C173E1C8E7C): 0
LogDevObjectVersion:   Dev-Physics (78F01B33-EBEA-4F98-B9B4-84EACCB95AA2): 0
LogDevObjectVersion:   Dev-Platform (6631380F-2D4D-43E0-8009-CF276956A95A): 0
LogDevObjectVersion:   Dev-Rendering (12F88B9F-8875-4AFC-A67C-D90C383ABD29): 28
LogDevObjectVersion:   Dev-Sequencer (7B5AE74C-D270-4C10-A958-57980B212A5A): 11
LogDevObjectVersion:   Dev-VR (D7296918-1DD6-4BDD-9DE2-64A83CC13884): 2
LogDevObjectVersion:   Dev-LoadTimes (C2A15278-BFE7-4AFE-6C17-90FF531DF755): 1
LogDevObjectVersion:   Private-Geometry (6EACA3D4-40EC-4CC1-B786-8BED09428FC5): 3
LogDevObjectVersion:   Dev-AnimPhys (29E575DD-E0A3-4627-9D10-D276232CDCEA): 17
LogDevObjectVersion:   Dev-Anim (AF43A65D-7FD3-4947-9873-3E8ED9C1BB05): 2
LogDevObjectVersion:   Dev-ReflectionCapture (6B266CEC-1EC7-4B8F-A30B-E4D90942FC07): 1
LogDevObjectVersion:   Dev-Automation (0DF73D61-A23F-47EA-B727-89E90C41499A): 1
LogDevObjectVersion:   FortniteMain (601D1886-AC64-4F84-AA16-D3DE0DEAC7D6): 25
LogDevObjectVersion:   Dev-Enterprise (9DFFBCD6-494F-0158-E221-12823C92A888): 6
LogDevObjectVersion:   Dev-Niagara (F2AED0AC-9AFE-416F-8664-AA7FFA26D6FC): 1
LogDevObjectVersion:   Dev-Destruction (174F1F0B-B4C6-45A5-B13F-2EE8D0FB917D): 2
LogInit: Presizing for max 16777216 objects, including 0 objects not considered by GC, pre-allocating 0 bytes for permanent pool.
LogInit: Object subsystem initialized
LogConfig: Setting CVar [[con.DebugEarlyDefault:1]]
LogConfig: Setting CVar [[r.setres:1280x720]]
[2020.10.08-23.11.30:910][  0]LogConfig: Setting CVar [[r.VSync:0]]
[2020.10.08-23.11.30:910][  0]LogConfig: Setting CVar [[r.RHICmdBypass:0]]
[2020.10.08-23.11.30:910][  0]LogConfig: Applying CVar settings from Section [/Script/Engine.RendererSettings] File [L:/New folder/Homework3/Homework3/Saved/Config/Windows/Engine.ini]
[2020.10.08-23.11.30:910][  0]LogConfig: Setting CVar [[r.GPUCrashDebugging:0]]
[2020.10.08-23.11.30:910][  0]LogConfig: Applying CVar settings from Section [/Script/Engine.RendererOverrideSettings] File [L:/New folder/Homework3/Homework3/Saved/Config/Windows/Engine.ini]
[2020.10.08-23.11.30:910][  0]LogConfig: Applying CVar settings from Section [/Script/Engine.StreamingSettings] File [L:/New folder/Homework3/Homework3/Saved/Config/Windows/Engine.ini]
[2020.10.08-23.11.30:910][  0]LogConfig: Setting CVar [[s.MinBulkDataSizeForAsyncLoading:131072]]
[2020.10.08-23.11.30:910][  0]LogConfig: Setting CVar [[s.AsyncLoadingThreadEnabled:0]]
[2020.10.08-23.11.30:910][  0]LogConfig: Setting CVar [[s.EventDrivenLoaderEnabled:1]]
[2020.10.08-23.11.30:910][  0]LogConfig: Setting CVar [[s.WarnIfTimeLimitExceeded:0]]
[2020.10.08-23.11.30:910][  0]LogConfig: Setting CVar [[s.TimeLimitExceededMultiplier:1.5]]
[2020.10.08-23.11.30:910][  0]LogConfig: Setting CVar [[s.TimeLimitExceededMinTime:0.005]]
[2020.10.08-23.11.30:910][  0]LogConfig: Setting CVar [[s.UseBackgroundLevelStreaming:1]]
[2020.10.08-23.11.30:910][  0]LogConfig: Setting CVar [[s.PriorityAsyncLoadingExtraTime:15.0]]
[2020.10.08-23.11.30:910][  0]LogConfig: Setting CVar [[s.LevelStreamingActorsUpdateTimeLimit:5.0]]
[2020.10.08-23.11.30:910][  0]LogConfig: Setting CVar [[s.PriorityLevelStreamingActorsUpdateExtraTime:5.0]]
[2020.10.08-23.11.30:910][  0]LogConfig: Setting CVar [[s.LevelStreamingComponentsRegistrationGranularity:10]]
[2020.10.08-23.11.30:910][  0]LogConfig: Setting CVar [[s.UnregisterComponentsTimeLimit:1.0]]
[2020.10.08-23.11.30:911][  0]LogConfig: Setting CVar [[s.LevelStreamingComponentsUnregistrationGranularity:5]]
[2020.10.08-23.11.30:911][  0]LogConfig: Applying CVar settings from Section [/Script/Engine.GarbageCollectionSettings] File [L:/New folder/Homework3/Homework3/Saved/Config/Windows/Engine.ini]
[2020.10.08-23.11.30:911][  0]LogConfig: Setting CVar [[gc.MaxObjectsNotConsideredByGC:1]]
[2020.10.08-23.11.30:911][  0]LogConfig: Setting CVar [[gc.SizeOfPermanentObjectPool:0]]
[2020.10.08-23.11.30:911][  0]LogConfig: Setting CVar [[gc.FlushStreamingOnGC:0]]
[2020.10.08-23.11.30:911][  0]LogConfig: Setting CVar [[gc.NumRetriesBeforeForcingGC:10]]
[2020.10.08-23.11.30:911][  0]LogConfig: Setting CVar [[gc.AllowParallelGC:1]]
[2020.10.08-23.11.30:911][  0]LogConfig: Setting CVar [[gc.TimeBetweenPurgingPendingKillObjects:61.1]]
[2020.10.08-23.11.30:911][  0]LogConfig: Setting CVar [[gc.MaxObjectsInEditor:16777216]]
[2020.10.08-23.11.30:911][  0]LogConfig: Setting CVar [[gc.IncrementalBeginDestroyEnabled:1]]
[2020.10.08-23.11.30:911][  0]LogConfig: Setting CVar [[gc.CreateGCClusters:1]]
[2020.10.08-23.11.30:911][  0]LogConfig: Setting CVar [[gc.MinGCClusterSize:5]]
[2020.10.08-23.11.30:911][  0]LogConfig: Setting CVar [[gc.ActorClusteringEnabled:0]]
[2020.10.08-23.11.30:911][  0]LogConfig: Setting CVar [[gc.BlueprintClusteringEnabled:0]]
[2020.10.08-23.11.30:911][  0]LogConfig: Setting CVar [[gc.UseDisregardForGCOnDedicatedServers:0]]
[2020.10.08-23.11.30:911][  0]LogConfig: Applying CVar settings from Section [/Script/Engine.NetworkSettings] File [L:/New folder/Homework3/Homework3/Saved/Config/Windows/Engine.ini]
[2020.10.08-23.11.30:911][  0]LogConfig: Applying CVar settings from Section [/Script/UnrealEd.CookerSettings] File [L:/New folder/Homework3/Homework3/Saved/Config/Windows/Engine.ini]
[2020.10.08-23.11.30:914][  0]LogConfig: Applying CVar settings from Section [ViewDistanceQuality@3] File [L:/New folder/Homework3/Homework3/Saved/Config/Windows/Scalability.ini]
[2020.10.08-23.11.30:914][  0]LogConfig: Setting CVar [[r.SkeletalMeshLODBias:0]]
[2020.10.08-23.11.30:914][  0]LogConfig: Setting CVar [[r.ViewDistanceScale:1.0]]
[2020.10.08-23.11.30:914][  0]LogConfig: Applying CVar settings from Section [AntiAliasingQuality@3] File [L:/New folder/Homework3/Homework3/Saved/Config/Windows/Scalability.ini]
[2020.10.08-23.11.30:914][  0]LogConfig: Setting CVar [[r.PostProcessAAQuality:4]]
[2020.10.08-23.11.30:914][  0]LogConfig: Applying CVar settings from Section [ShadowQuality@3] File [L:/New folder/Homework3/Homework3/Saved/Config/Windows/Scalability.ini]
[2020.10.08-23.11.30:914][  0]LogConfig: Setting CVar [[r.LightFunctionQuality:1]]
[2020.10.08-23.11.30:914][  0]LogConfig: Setting CVar [[r.ShadowQuality:5]]
[2020.10.08-23.11.30:914][  0]LogConfig: Setting CVar [[r.Shadow.CSM.MaxCascades:10]]
[2020.10.08-23.11.30:914][  0]LogConfig: Setting CVar [[r.Shadow.MaxResolution:2048]]
[2020.10.08-23.11.30:914][  0]LogConfig: Setting CVar [[r.Shadow.MaxCSMResolution:2048]]
[2020.10.08-23.11.30:914][  0]LogConfig: Setting CVar [[r.Shadow.RadiusThreshold:0.01]]
[2020.10.08-23.11.30:914][  0]LogConfig: Setting CVar [[r.Shadow.DistanceScale:1.0]]
[2020.10.08-23.11.30:914][  0]LogConfig: Setting CVar [[r.Shadow.CSM.TransitionScale:1.0]]
[2020.10.08-23.11.30:914][  0]LogConfig: Setting CVar [[r.Shadow.PreShadowResolutionFactor:1.0]]
[2020.10.08-23.11.30:914][  0]LogConfig: Setting CVar [[r.DistanceFieldShadowing:1]]
[2020.10.08-23.11.30:914][  0]LogConfig: Setting CVar [[r.DistanceFieldAO:1]]
[2020.10.08-23.11.30:914][  0]LogConfig: Setting CVar [[r.AOQuality:2]]
[2020.10.08-23.11.30:914][  0]LogConfig: Setting CVar [[r.VolumetricFog:1]]
[2020.10.08-23.11.30:914][  0]LogConfig: Setting CVar [[r.VolumetricFog.GridPixelSize:8]]
[2020.10.08-23.11.30:914][  0]LogConfig: Setting CVar [[r.VolumetricFog.GridSizeZ:128]]
[2020.10.08-23.11.30:914][  0]LogConfig: Setting CVar [[r.VolumetricFog.HistoryMissSupersampleCount:4]]
[2020.10.08-23.11.30:914][  0]LogConfig: Setting CVar [[r.LightMaxDrawDistanceScale:1]]
[2020.10.08-23.11.30:914][  0]LogConfig: Setting CVar [[r.CapsuleShadows:1]]
[2020.10.08-23.11.30:914][  0]LogConfig: Applying CVar settings from Section [PostProcessQuality@3] File [L:/New folder/Homework3/Homework3/Saved/Config/Windows/Scalability.ini]
[2020.10.08-23.11.30:914][  0]LogConfig: Setting CVar [[r.MotionBlurQuality:4]]
[2020.10.08-23.11.30:914][  0]LogConfig: Setting CVar [[r.AmbientOcclusionMipLevelFactor:0.4]]
[2020.10.08-23.11.30:914][  0]LogConfig: Setting CVar [[r.AmbientOcclusionMaxQuality:100]]
[2020.10.08-23.11.30:914][  0]LogConfig: Setting CVar [[r.AmbientOcclusionLevels:-1]]
[2020.10.08-23.11.30:914][  0]LogConfig: Setting CVar [[r.AmbientOcclusionRadiusScale:1.0]]
[2020.10.08-23.11.30:914][  0]LogConfig: Setting CVar [[r.DepthOfFieldQuality:2]]
[2020.10.08-23.11.30:914][  0]LogConfig: Setting CVar [[r.RenderTargetPoolMin:400]]
[2020.10.08-23.11.30:914][  0]LogConfig: Setting CVar [[r.LensFlareQuality:2]]
[2020.10.08-23.11.30:914][  0]LogConfig: Setting CVar [[r.SceneColorFringeQuality:1]]
[2020.10.08-23.11.30:914][  0]LogConfig: Setting CVar [[r.EyeAdaptationQuality:2]]
[2020.10.08-23.11.30:914][  0]LogConfig: Setting CVar [[r.BloomQuality:5]]
[2020.10.08-23.11.30:915][  0]LogConfig: Setting CVar [[r.FastBlurThreshold:100]]
[2020.10.08-23.11.30:915][  0]LogConfig: Setting CVar [[r.Upscale.Quality:3]]
[2020.10.08-23.11.30:915][  0]LogConfig: Setting CVar [[r.Tonemapper.GrainQuantization:1]]
[2020.10.08-23.11.30:915][  0]LogConfig: Setting CVar [[r.LightShaftQuality:1]]
[2020.10.08-23.11.30:915][  0]LogConfig: Setting CVar [[r.Filter.SizeScale:1]]
[2020.10.08-23.11.30:915][  0]LogConfig: Setting CVar [[r.Tonemapper.Quality:5]]
[2020.10.08-23.11.30:915][  0]LogConfig: Setting CVar [[r.DOF.Gather.AccumulatorQuality:1        ; higher gathering accumulator quality]]
[2020.10.08-23.11.30:915][  0]LogConfig: Setting CVar [[r.DOF.Gather.PostfilterMethod:1          ; Median3x3 postfilering method]]
[2020.10.08-23.11.30:915][  0]LogConfig: Setting CVar [[r.DOF.Gather.EnableBokehSettings:0       ; no bokeh simulation when gathering]]
[2020.10.08-23.11.30:915][  0]LogConfig: Setting CVar [[r.DOF.Gather.RingCount:4                 ; medium number of samples when gathering]]
[2020.10.08-23.11.30:915][  0]LogConfig: Setting CVar [[r.DOF.Scatter.ForegroundCompositing:1    ; additive foreground scattering]]
[2020.10.08-23.11.30:915][  0]LogConfig: Setting CVar [[r.DOF.Scatter.BackgroundCompositing:2    ; additive background scattering]]
[2020.10.08-23.11.30:915][  0]LogConfig: Setting CVar [[r.DOF.Scatter.EnableBokehSettings:1      ; bokeh simulation when scattering]]
[2020.10.08-23.11.30:915][  0]LogConfig: Setting CVar [[r.DOF.Scatter.MaxSpriteRatio:0.1         ; only a maximum of 10% of scattered bokeh]]
[2020.10.08-23.11.30:915][  0]LogConfig: Setting CVar [[r.DOF.Recombine.Quality:1                ; cheap slight out of focus]]
[2020.10.08-23.11.30:915][  0]LogConfig: Setting CVar [[r.DOF.Recombine.EnableBokehSettings:0    ; no bokeh simulation on slight out of focus]]
[2020.10.08-23.11.30:915][  0]LogConfig: Setting CVar [[r.DOF.TemporalAAQuality:1                ; more stable temporal accumulation]]
[2020.10.08-23.11.30:915][  0]LogConfig: Setting CVar [[r.DOF.Kernel.MaxForegroundRadius:0.025]]
[2020.10.08-23.11.30:915][  0]LogConfig: Setting CVar [[r.DOF.Kernel.MaxBackgroundRadius:0.025]]
[2020.10.08-23.11.30:915][  0]LogConfig: Applying CVar settings from Section [TextureQuality@3] File [L:/New folder/Homework3/Homework3/Saved/Config/Windows/Scalability.ini]
[2020.10.08-23.11.30:915][  0]LogConfig: Setting CVar [[r.Streaming.MipBias:0]]
[2020.10.08-23.11.30:915][  0]LogConfig: Setting CVar [[r.Streaming.AmortizeCPUToGPUCopy:0]]
[2020.10.08-23.11.30:915][  0]LogConfig: Setting CVar [[r.Streaming.MaxNumTexturesToStreamPerFrame:0]]
[2020.10.08-23.11.30:915][  0]LogConfig: Setting CVar [[r.Streaming.Boost:1]]
[2020.10.08-23.11.30:915][  0]LogConfig: Setting CVar [[r.MaxAnisotropy:8]]
[2020.10.08-23.11.30:915][  0]LogConfig: Setting CVar [[r.Streaming.LimitPoolSizeToVRAM:0]]
[2020.10.08-23.11.30:915][  0]LogConfig: Setting CVar [[r.Streaming.PoolSize:1000]]
[2020.10.08-23.11.30:915][  0]LogConfig: Setting CVar [[r.Streaming.MaxEffectiveScreenSize:0]]
[2020.10.08-23.11.30:915][  0]LogConfig: Applying CVar settings from Section [EffectsQuality@3] File [L:/New folder/Homework3/Homework3/Saved/Config/Windows/Scalability.ini]
[2020.10.08-23.11.30:915][  0]LogConfig: Setting CVar [[r.TranslucencyLightingVolumeDim:64]]
[2020.10.08-23.11.30:915][  0]LogConfig: Setting CVar [[r.RefractionQuality:2]]
[2020.10.08-23.11.30:915][  0]LogConfig: Setting CVar [[r.SSR.Quality:3]]
[2020.10.08-23.11.30:915][  0]LogConfig: Setting CVar [[r.SceneColorFormat:4]]
[2020.10.08-23.11.30:915][  0]LogConfig: Setting CVar [[r.DetailMode:2]]
[2020.10.08-23.11.30:915][  0]LogConfig: Setting CVar [[r.TranslucencyVolumeBlur:1]]
[2020.10.08-23.11.30:915][  0]LogConfig: Setting CVar [[r.MaterialQualityLevel:1 ; High quality]]
[2020.10.08-23.11.30:915][  0]LogConfig: Setting CVar [[r.SSS.Scale:1]]
[2020.10.08-23.11.30:915][  0]LogConfig: Setting CVar [[r.SSS.SampleSet:2]]
[2020.10.08-23.11.30:915][  0]LogConfig: Setting CVar [[r.SSS.Quality:1]]
[2020.10.08-23.11.30:915][  0]LogConfig: Setting CVar [[r.SSS.HalfRes:1]]
[2020.10.08-23.11.30:915][  0]LogConfig: Setting CVar [[r.EmitterSpawnRateScale:1.0]]
[2020.10.08-23.11.30:915][  0]LogConfig: Setting CVar [[r.ParticleLightQuality:2]]
[2020.10.08-23.11.30:915][  0]LogConfig: Applying CVar settings from Section [FoliageQuality@3] File [L:/New folder/Homework3/Homework3/Saved/Config/Windows/Scalability.ini]
[2020.10.08-23.11.30:915][  0]LogConfig: Setting CVar [[foliage.DensityScale:1.0]]
[2020.10.08-23.11.30:915][  0]LogConfig: Setting CVar [[grass.DensityScale:1.0]]
[2020.10.08-23.11.30:915][  0]LogInit: Selected Device Profile: [Windows]
[2020.10.08-23.11.30:915][  0]LogInit: Applying CVar settings loaded from the selected device profile: [Windows]
[2020.10.08-23.11.30:935][  0]LogHAL: Display: Platform has ~ 16 GB [17033220096 / 17179869184 / 16], which maps to Larger [LargestMinGB=32, LargerMinGB=12, DefaultMinGB=8, SmallerMinGB=6, SmallestMinGB=0)
[2020.10.08-23.11.30:935][  0]LogConfig: Setting CVar [[r.Vulkan.UseRealUBs:0		; Required until we fix HLR fall-out]]
[2020.10.08-23.11.30:935][  0]LogInit: Going up to parent DeviceProfile []
[2020.10.08-23.11.30:936][  0]LogConfig: Applying CVar settings from Section [ViewDistanceQuality@3] File [L:/New folder/Homework3/Homework3/Saved/Config/Windows/Scalability.ini]
[2020.10.08-23.11.30:936][  0]LogConfig: Setting CVar [[r.SkeletalMeshLODBias:0]]
[2020.10.08-23.11.30:936][  0]LogConfig: Setting CVar [[r.ViewDistanceScale:1.0]]
[2020.10.08-23.11.30:936][  0]LogConfig: Applying CVar settings from Section [AntiAliasingQuality@3] File [L:/New folder/Homework3/Homework3/Saved/Config/Windows/Scalability.ini]
[2020.10.08-23.11.30:936][  0]LogConfig: Setting CVar [[r.PostProcessAAQuality:4]]
[2020.10.08-23.11.30:936][  0]LogConfig: Applying CVar settings from Section [ShadowQuality@3] File [L:/New folder/Homework3/Homework3/Saved/Config/Windows/Scalability.ini]
[2020.10.08-23.11.30:936][  0]LogConfig: Setting CVar [[r.LightFunctionQuality:1]]
[2020.10.08-23.11.30:936][  0]LogConfig: Setting CVar [[r.ShadowQuality:5]]
[2020.10.08-23.11.30:936][  0]LogConfig: Setting CVar [[r.Shadow.CSM.MaxCascades:10]]
[2020.10.08-23.11.30:936][  0]LogConfig: Setting CVar [[r.Shadow.MaxResolution:2048]]
[2020.10.08-23.11.30:936][  0]LogConfig: Setting CVar [[r.Shadow.MaxCSMResolution:2048]]
[2020.10.08-23.11.30:936][  0]LogConfig: Setting CVar [[r.Shadow.RadiusThreshold:0.01]]
[2020.10.08-23.11.30:936][  0]LogConfig: Setting CVar [[r.Shadow.DistanceScale:1.0]]
[2020.10.08-23.11.30:936][  0]LogConfig: Setting CVar [[r.Shadow.CSM.TransitionScale:1.0]]
[2020.10.08-23.11.30:936][  0]LogConfig: Setting CVar [[r.Shadow.PreShadowResolutionFactor:1.0]]
[2020.10.08-23.11.30:936][  0]LogConfig: Setting CVar [[r.DistanceFieldShadowing:1]]
[2020.10.08-23.11.30:936][  0]LogConfig: Setting CVar [[r.DistanceFieldAO:1]]
[2020.10.08-23.11.30:936][  0]LogConfig: Setting CVar [[r.AOQuality:2]]
[2020.10.08-23.11.30:936][  0]LogConfig: Setting CVar [[r.VolumetricFog:1]]
[2020.10.08-23.11.30:936][  0]LogConfig: Setting CVar [[r.VolumetricFog.GridPixelSize:8]]
[2020.10.08-23.11.30:936][  0]LogConfig: Setting CVar [[r.VolumetricFog.GridSizeZ:128]]
[2020.10.08-23.11.30:936][  0]LogConfig: Setting CVar [[r.VolumetricFog.HistoryMissSupersampleCount:4]]
[2020.10.08-23.11.30:936][  0]LogConfig: Setting CVar [[r.LightMaxDrawDistanceScale:1]]
[2020.10.08-23.11.30:936][  0]LogConfig: Setting CVar [[r.CapsuleShadows:1]]
[2020.10.08-23.11.30:936][  0]LogConfig: Applying CVar settings from Section [PostProcessQuality@3] File [L:/New folder/Homework3/Homework3/Saved/Config/Windows/Scalability.ini]
[2020.10.08-23.11.30:936][  0]LogConfig: Setting CVar [[r.MotionBlurQuality:4]]
[2020.10.08-23.11.30:936][  0]LogConfig: Setting CVar [[r.AmbientOcclusionMipLevelFactor:0.4]]
[2020.10.08-23.11.30:936][  0]LogConfig: Setting CVar [[r.AmbientOcclusionMaxQuality:100]]
[2020.10.08-23.11.30:936][  0]LogConfig: Setting CVar [[r.AmbientOcclusionLevels:-1]]
[2020.10.08-23.11.30:936][  0]LogConfig: Setting CVar [[r.AmbientOcclusionRadiusScale:1.0]]
[2020.10.08-23.11.30:936][  0]LogConfig: Setting CVar [[r.DepthOfFieldQuality:2]]
[2020.10.08-23.11.30:936][  0]LogConfig: Setting CVar [[r.RenderTargetPoolMin:400]]
[2020.10.08-23.11.30:936][  0]LogConfig: Setting CVar [[r.LensFlareQuality:2]]
[2020.10.08-23.11.30:936][  0]LogConfig: Setting CVar [[r.SceneColorFringeQuality:1]]
[2020.10.08-23.11.30:936][  0]LogConfig: Setting CVar [[r.EyeAdaptationQuality:2]]
[2020.10.08-23.11.30:936][  0]LogConfig: Setting CVar [[r.BloomQuality:5]]
[2020.10.08-23.11.30:936][  0]LogConfig: Setting CVar [[r.FastBlurThreshold:100]]
[2020.10.08-23.11.30:936][  0]LogConfig: Setting CVar [[r.Upscale.Quality:3]]
[2020.10.08-23.11.30:936][  0]LogConfig: Setting CVar [[r.Tonemapper.GrainQuantization:1]]
[2020.10.08-23.11.30:936][  0]LogConfig: Setting CVar [[r.LightShaftQuality:1]]
[2020.10.08-23.11.30:936][  0]LogConfig: Setting CVar [[r.Filter.SizeScale:1]]
[2020.10.08-23.11.30:936][  0]LogConfig: Setting CVar [[r.Tonemapper.Quality:5]]
[2020.10.08-23.11.30:936][  0]LogConfig: Setting CVar [[r.DOF.Gather.AccumulatorQuality:1        ; higher gathering accumulator quality]]
[2020.10.08-23.11.30:936][  0]LogConfig: Setting CVar [[r.DOF.Gather.PostfilterMethod:1          ; Median3x3 postfilering method]]
[2020.10.08-23.11.30:936][  0]LogConfig: Setting CVar [[r.DOF.Gather.EnableBokehSettings:0       ; no bokeh simulation when gathering]]
[2020.10.08-23.11.30:936][  0]LogConfig: Setting CVar [[r.DOF.Gather.RingCount:4                 ; medium number of samples when gathering]]
[2020.10.08-23.11.30:936][  0]LogConfig: Setting CVar [[r.DOF.Scatter.ForegroundCompositing:1    ; additive foreground scattering]]
[2020.10.08-23.11.30:936][  0]LogConfig: Setting CVar [[r.DOF.Scatter.BackgroundCompositing:2    ; additive background scattering]]
[2020.10.08-23.11.30:936][  0]LogConfig: Setting CVar [[r.DOF.Scatter.EnableBokehSettings:1      ; bokeh simulation when scattering]]
[2020.10.08-23.11.30:936][  0]LogConfig: Setting CVar [[r.DOF.Scatter.MaxSpriteRatio:0.1         ; only a maximum of 10% of scattered bokeh]]
[2020.10.08-23.11.30:936][  0]LogConfig: Setting CVar [[r.DOF.Recombine.Quality:1                ; cheap slight out of focus]]
[2020.10.08-23.11.30:936][  0]LogConfig: Setting CVar [[r.DOF.Recombine.EnableBokehSettings:0    ; no bokeh simulation on slight out of focus]]
[2020.10.08-23.11.30:936][  0]LogConfig: Setting CVar [[r.DOF.TemporalAAQuality:1                ; more stable temporal accumulation]]
[2020.10.08-23.11.30:936][  0]LogConfig: Setting CVar [[r.DOF.Kernel.MaxForegroundRadius:0.025]]
[2020.10.08-23.11.30:936][  0]LogConfig: Setting CVar [[r.DOF.Kernel.MaxBackgroundRadius:0.025]]
[2020.10.08-23.11.30:936][  0]LogConfig: Applying CVar settings from Section [TextureQuality@3] File [L:/New folder/Homework3/Homework3/Saved/Config/Windows/Scalability.ini]
[2020.10.08-23.11.30:936][  0]LogConfig: Setting CVar [[r.Streaming.MipBias:0]]
[2020.10.08-23.11.30:936][  0]LogConfig: Setting CVar [[r.Streaming.AmortizeCPUToGPUCopy:0]]
[2020.10.08-23.11.30:936][  0]LogConfig: Setting CVar [[r.Streaming.MaxNumTexturesToStreamPerFrame:0]]
[2020.10.08-23.11.30:936][  0]LogConfig: Setting CVar [[r.Streaming.Boost:1]]
[2020.10.08-23.11.30:936][  0]LogConfig: Setting CVar [[r.MaxAnisotropy:8]]
[2020.10.08-23.11.30:936][  0]LogConfig: Setting CVar [[r.Streaming.LimitPoolSizeToVRAM:0]]
[2020.10.08-23.11.30:936][  0]LogConfig: Setting CVar [[r.Streaming.PoolSize:1000]]
[2020.10.08-23.11.30:936][  0]LogConfig: Setting CVar [[r.Streaming.MaxEffectiveScreenSize:0]]
[2020.10.08-23.11.30:936][  0]LogConfig: Applying CVar settings from Section [EffectsQuality@3] File [L:/New folder/Homework3/Homework3/Saved/Config/Windows/Scalability.ini]
[2020.10.08-23.11.30:936][  0]LogConfig: Setting CVar [[r.TranslucencyLightingVolumeDim:64]]
[2020.10.08-23.11.30:936][  0]LogConfig: Setting CVar [[r.RefractionQuality:2]]
[2020.10.08-23.11.30:936][  0]LogConfig: Setting CVar [[r.SSR.Quality:3]]
[2020.10.08-23.11.30:936][  0]LogConfig: Setting CVar [[r.SceneColorFormat:4]]
[2020.10.08-23.11.30:936][  0]LogConfig: Setting CVar [[r.DetailMode:2]]
[2020.10.08-23.11.30:936][  0]LogConfig: Setting CVar [[r.TranslucencyVolumeBlur:1]]
[2020.10.08-23.11.30:936][  0]LogConfig: Setting CVar [[r.MaterialQualityLevel:1 ; High quality]]
[2020.10.08-23.11.30:936][  0]LogConfig: Setting CVar [[r.SSS.Scale:1]]
[2020.10.08-23.11.30:936][  0]LogConfig: Setting CVar [[r.SSS.SampleSet:2]]
[2020.10.08-23.11.30:936][  0]LogConfig: Setting CVar [[r.SSS.Quality:1]]
[2020.10.08-23.11.30:937][  0]LogConfig: Setting CVar [[r.SSS.HalfRes:1]]
[2020.10.08-23.11.30:937][  0]LogConfig: Setting CVar [[r.EmitterSpawnRateScale:1.0]]
[2020.10.08-23.11.30:937][  0]LogConfig: Setting CVar [[r.ParticleLightQuality:2]]
[2020.10.08-23.11.30:937][  0]LogConfig: Applying CVar settings from Section [FoliageQuality@3] File [L:/New folder/Homework3/Homework3/Saved/Config/Windows/Scalability.ini]
[2020.10.08-23.11.30:937][  0]LogConfig: Setting CVar [[foliage.DensityScale:1.0]]
[2020.10.08-23.11.30:937][  0]LogConfig: Setting CVar [[grass.DensityScale:1.0]]
[2020.10.08-23.11.30:937][  0]LogConfig: Applying CVar settings from Section [Startup] File [../../../Engine/Config/ConsoleVariables.ini]
[2020.10.08-23.11.30:937][  0]LogConfig: Setting CVar [[net.UseAdaptiveNetUpdateFrequency:0]]
[2020.10.08-23.11.30:937][  0]LogConfig: Setting CVar [[p.chaos.AllowCreatePhysxBodies:1]]
[2020.10.08-23.11.30:937][  0]LogConfig: Applying CVar settings from Section [ConsoleVariables] File [L:/New folder/Homework3/Homework3/Saved/Config/Windows/Engine.ini]
[2020.10.08-23.11.30:937][  0]LogInit: Computer: KEN
[2020.10.08-23.11.30:937][  0]LogInit: User: kenng
[2020.10.08-23.11.30:937][  0]LogInit: CPU Page size=4096, Cores=4
[2020.10.08-23.11.30:937][  0]LogInit: High frequency timer resolution =10.000000 MHz
[2020.10.08-23.11.30:937][  0]LogMemory: Memory total: Physical=15.9GB (16GB approx)
[2020.10.08-23.11.30:937][  0]LogMemory: Platform Memory Stats for Windows
[2020.10.08-23.11.30:937][  0]LogMemory: Process Physical Memory: 96.36 MB used, 96.36 MB peak
[2020.10.08-23.11.30:937][  0]LogMemory: Process Virtual Memory: 90.47 MB used, 90.47 MB peak
[2020.10.08-23.11.30:937][  0]LogMemory: Physical Memory: 8539.32 MB used,  7704.82 MB free, 16244.14 MB total
[2020.10.08-23.11.30:937][  0]LogMemory: Virtual Memory: 4643.88 MB used,  134213080.00 MB free, 134217728.00 MB total
[2020.10.08-23.11.30:962][  0]LogInit: Using OS detected language (en-GB).
[2020.10.08-23.11.30:962][  0]LogInit: Using OS detected locale (en-CA).
[2020.10.08-23.11.30:963][  0]LogTextLocalizationManager: No specific localization for 'en-GB' exists, so the 'en' localization will be used.
[2020.10.08-23.11.31:127][  0]LogInit: Setting process to per monitor DPI aware
[2020.10.08-23.11.31:169][  0]LogSlate: New Slate User Created.  User Index 0, Is Virtual User: 0
[2020.10.08-23.11.31:169][  0]LogSlate: Slate User Registered.  User Index 0, Is Virtual User: 0
[2020.10.08-23.11.31:374][  0]LogHMD: Failed to initialize OpenVR with code 110
[2020.10.08-23.11.31:374][  0]LogD3D11RHI: D3D11 adapters:
[2020.10.08-23.11.31:469][  0]LogD3D11RHI:    0. 'NVIDIA GeForce GTX 1060' (Feature Level 11_0)
[2020.10.08-23.11.31:469][  0]LogD3D11RHI:       6052/0/8122 MB DedicatedVideo/DedicatedSystem/SharedSystem, Outputs:1, VendorId:0x10de
[2020.10.08-23.11.31:494][  0]LogD3D11RHI:    1. 'Intel(R) HD Graphics 630' (Feature Level 11_0)
[2020.10.08-23.11.31:494][  0]LogD3D11RHI:       128/0/8122 MB DedicatedVideo/DedicatedSystem/SharedSystem, Outputs:0, VendorId:0x8086
[2020.10.08-23.11.31:497][  0]LogD3D11RHI:    2. 'Microsoft Basic Render Driver' (Feature Level 11_0)
[2020.10.08-23.11.31:497][  0]LogD3D11RHI:       0/0/8122 MB DedicatedVideo/DedicatedSystem/SharedSystem, Outputs:0, VendorId:0x1414
[2020.10.08-23.11.31:498][  0]LogD3D11RHI: Chosen D3D11 Adapter: 0
[2020.10.08-23.11.31:532][  0]LogD3D11RHI: Creating new Direct3DDevice
[2020.10.08-23.11.31:532][  0]LogD3D11RHI:     GPU DeviceId: 0x1c20 (for the marketing name, search the web for "GPU Device Id")
[2020.10.08-23.11.31:532][  0]LogWindows: EnumDisplayDevices:
[2020.10.08-23.11.31:532][  0]LogWindows:    0. 'Intel(R) HD Graphics 630' (P:1 D:1)
[2020.10.08-23.11.31:533][  0]LogWindows:    1. 'Intel(R) HD Graphics 630' (P:0 D:0)
[2020.10.08-23.11.31:533][  0]LogWindows:    2. 'Intel(R) HD Graphics 630' (P:0 D:0)
[2020.10.08-23.11.31:533][  0]LogWindows:    3. 'NVIDIA GeForce GTX 1060' (P:0 D:0)
[2020.10.08-23.11.31:533][  0]LogWindows:    4. 'NVIDIA GeForce GTX 1060' (P:0 D:0)
[2020.10.08-23.11.31:534][  0]LogWindows:    5. 'NVIDIA GeForce GTX 1060' (P:0 D:0)
[2020.10.08-23.11.31:534][  0]LogWindows:    6. 'NVIDIA GeForce GTX 1060' (P:0 D:0)
[2020.10.08-23.11.31:534][  0]LogWindows: DebugString: PrimaryIsNotTheChoosenAdapter PrimaryIsNotTheChoosenAdapter PrimaryIsNotTheChoosenAdapter FoundDriverCount:4 
[2020.10.08-23.11.31:534][  0]LogD3D11RHI:     Adapter Name: NVIDIA GeForce GTX 1060
[2020.10.08-23.11.31:534][  0]LogD3D11RHI:   Driver Version: 419.71 (internal:25.21.14.1971, unified:419.71)
[2020.10.08-23.11.31:534][  0]LogD3D11RHI:      Driver Date: 3-18-2019
[2020.10.08-23.11.31:534][  0]LogRHI: Texture pool is 4236 MB (70% of 6052 MB)
[2020.10.08-23.11.31:585][  0]LogD3D11RHI: Async texture creation enabled
[2020.10.08-23.11.31:589][  0]LogRendererCore: FGlobalReadBuffer::InitRHI
[2020.10.08-23.11.31:590][  0]LogRendererCore: FGlobalReadBuffer::InitRHI
[2020.10.08-23.11.31:590][  0]LogRendererCore: FGlobalReadBuffer::InitRHI
[2020.10.08-23.11.31:604][  0]LogD3D11RHI: GPU Timing Frequency: 1000.000000 (Debug: 2 2)
[2020.10.08-23.11.31:922][  0]LogTemp: Display: Module 'AllDesktopTargetPlatform' loaded TargetPlatform 'AllDesktop'
[2020.10.08-23.11.31:936][  0]LogTemp: Display: Module 'MacClientTargetPlatform' loaded TargetPlatform 'MacClient'
[2020.10.08-23.11.31:949][  0]LogTemp: Display: Module 'MacNoEditorTargetPlatform' loaded TargetPlatform 'MacNoEditor'
[2020.10.08-23.11.31:963][  0]LogTemp: Display: Module 'MacServerTargetPlatform' loaded TargetPlatform 'MacServer'
[2020.10.08-23.11.31:977][  0]LogTemp: Display: Module 'MacTargetPlatform' loaded TargetPlatform 'Mac'
[2020.10.08-23.11.31:991][  0]LogTemp: Display: Module 'WindowsClientTargetPlatform' loaded TargetPlatform 'WindowsClient'
[2020.10.08-23.11.32:004][  0]LogTemp: Display: Module 'WindowsNoEditorTargetPlatform' loaded TargetPlatform 'WindowsNoEditor'
[2020.10.08-23.11.32:016][  0]LogTemp: Display: Module 'WindowsServerTargetPlatform' loaded TargetPlatform 'WindowsServer'
[2020.10.08-23.11.32:022][  0]LogTemp: Display: Module 'WindowsTargetPlatform' loaded TargetPlatform 'Windows'
[2020.10.08-23.11.32:104][  0]LogTemp: Display: Module 'AndroidTargetPlatform' loaded TargetPlatform 'Android'
[2020.10.08-23.11.32:104][  0]LogTemp: Display: Module 'AndroidTargetPlatform' loaded TargetPlatform 'Android_ASTC'
[2020.10.08-23.11.32:104][  0]LogTemp: Display: Module 'AndroidTargetPlatform' loaded TargetPlatform 'Android_ATC'
[2020.10.08-23.11.32:104][  0]LogTemp: Display: Module 'AndroidTargetPlatform' loaded TargetPlatform 'Android_DXT'
[2020.10.08-23.11.32:104][  0]LogTemp: Display: Module 'AndroidTargetPlatform' loaded TargetPlatform 'Android_ETC1'
[2020.10.08-23.11.32:104][  0]LogTemp: Display: Module 'AndroidTargetPlatform' loaded TargetPlatform 'Android_ETC1a'
[2020.10.08-23.11.32:104][  0]LogTemp: Display: Module 'AndroidTargetPlatform' loaded TargetPlatform 'Android_ETC2'
[2020.10.08-23.11.32:104][  0]LogTemp: Display: Module 'AndroidTargetPlatform' loaded TargetPlatform 'Android_PVRTC'
[2020.10.08-23.11.32:104][  0]LogTemp: Display: Module 'AndroidTargetPlatform' loaded TargetPlatform 'AndroidClient'
[2020.10.08-23.11.32:104][  0]LogTemp: Display: Module 'AndroidTargetPlatform' loaded TargetPlatform 'Android_ASTCClient'
[2020.10.08-23.11.32:104][  0]LogTemp: Display: Module 'AndroidTargetPlatform' loaded TargetPlatform 'Android_ATCClient'
[2020.10.08-23.11.32:104][  0]LogTemp: Display: Module 'AndroidTargetPlatform' loaded TargetPlatform 'Android_DXTClient'
[2020.10.08-23.11.32:104][  0]LogTemp: Display: Module 'AndroidTargetPlatform' loaded TargetPlatform 'Android_ETC1Client'
[2020.10.08-23.11.32:104][  0]LogTemp: Display: Module 'AndroidTargetPlatform' loaded TargetPlatform 'Android_ETC1aClient'
[2020.10.08-23.11.32:104][  0]LogTemp: Display: Module 'AndroidTargetPlatform' loaded TargetPlatform 'Android_ETC2Client'
[2020.10.08-23.11.32:104][  0]LogTemp: Display: Module 'AndroidTargetPlatform' loaded TargetPlatform 'Android_PVRTCClient'
[2020.10.08-23.11.32:104][  0]LogTemp: Display: Module 'AndroidTargetPlatform' loaded TargetPlatform 'Android_Multi'
[2020.10.08-23.11.32:104][  0]LogTemp: Display: Module 'AndroidTargetPlatform' loaded TargetPlatform 'Android_MultiClient'
[2020.10.08-23.11.32:106][  0]LogTemp: Display: Module 'HTML5TargetPlatform' loaded TargetPlatform 'HTML5'
[2020.10.08-23.11.32:159][  0]LogTemp: Display: Module 'IOSTargetPlatform' loaded TargetPlatform 'IOSClient'
[2020.10.08-23.11.32:159][  0]LogTemp: Display: Module 'IOSTargetPlatform' loaded TargetPlatform 'IOS'
[2020.10.08-23.11.32:184][  0]LogTemp: Display: Module 'TVOSTargetPlatform' loaded TargetPlatform 'TVOSClient'
[2020.10.08-23.11.32:184][  0]LogTemp: Display: Module 'TVOSTargetPlatform' loaded TargetPlatform 'TVOS'
[2020.10.08-23.11.32:197][  0]LogTemp: Display: Module 'LinuxClientTargetPlatform' loaded TargetPlatform 'LinuxClient'
[2020.10.08-23.11.32:210][  0]LogTemp: Display: Module 'LinuxNoEditorTargetPlatform' loaded TargetPlatform 'LinuxNoEditor'
[2020.10.08-23.11.32:222][  0]LogTemp: Display: Module 'LinuxServerTargetPlatform' loaded TargetPlatform 'LinuxServer'
[2020.10.08-23.11.32:235][  0]LogTemp: Display: Module 'LinuxTargetPlatform' loaded TargetPlatform 'Linux'
[2020.10.08-23.11.32:279][  0]LogTemp: Display: Module 'LuminTargetPlatform' loaded TargetPlatform 'Lumin'
[2020.10.08-23.11.32:279][  0]LogTemp: Display: Module 'LuminTargetPlatform' loaded TargetPlatform 'LuminClient'
[2020.10.08-23.11.32:279][  0]LogTargetPlatformManager: Display: Building Assets For Windows
[2020.10.08-23.11.32:286][  0]LogAudioDebug: Display: Lib vorbis DLL was dynamically loaded.
[2020.10.08-23.11.32:320][  0]LogShaderCompilers: Guid format shader working directory is 3 characters bigger than the processId version (../../../../New folder/Homework3/Homework3/Intermediate/Shaders/WorkingDirectory/12236/).
[2020.10.08-23.11.32:320][  0]LogShaderCompilers: Cleaned the shader compiler working directory 'C:/Users/kenng/AppData/Local/Temp/UnrealShaderWorkingDir/AE5925734AE6FA75A2574EBB54CA8082/'.
[2020.10.08-23.11.32:322][  0]LogXGEController: Cannot use XGE Controller as Incredibuild is not installed on this machine.
[2020.10.08-23.11.32:322][  0]LogShaderCompilers: Cannot use XGE Shader Compiler as Incredibuild is not installed on this machine.
[2020.10.08-23.11.32:322][  0]LogShaderCompilers: Display: Using Local Shader Compiler.
[2020.10.08-23.11.32:906][  0]LogDerivedDataCache: Display: Max Cache Size: 512 MB
[2020.10.08-23.11.32:958][  0]LogDerivedDataCache: Loaded boot cache 0.05s 71MB C:/Users/kenng/AppData/Local/UnrealEngine/4.22/DerivedDataCache/Boot.ddc.
[2020.10.08-23.11.32:958][  0]LogDerivedDataCache: Display: Loaded Boot cache: C:/Users/kenng/AppData/Local/UnrealEngine/4.22/DerivedDataCache/Boot.ddc
[2020.10.08-23.11.32:958][  0]LogDerivedDataCache: FDerivedDataBackendGraph:  Pak pak cache file ../../../../New folder/Homework3/Homework3/DerivedDataCache/DDC.ddp not found, will not use a pak cache.
[2020.10.08-23.11.32:958][  0]LogDerivedDataCache: Unable to find inner node Pak for hierarchical cache Hierarchy.
[2020.10.08-23.11.32:958][  0]LogDerivedDataCache: FDerivedDataBackendGraph:  CompressedPak pak cache file ../../../../New folder/Homework3/Homework3/DerivedDataCache/Compressed.ddp not found, will not use a pak cache.
[2020.10.08-23.11.32:958][  0]LogDerivedDataCache: Unable to find inner node CompressedPak for hierarchical cache Hierarchy.
[2020.10.08-23.11.32:973][  0]LogDerivedDataCache: Display: Pak cache opened for reading ../../../Engine/DerivedDataCache/Compressed.ddp.
[2020.10.08-23.11.32:973][  0]LogDerivedDataCache: FDerivedDataBackendGraph:  EnterprisePak pak cache file ../../../Enterprise/DerivedDataCache/Compressed.ddp not found, will not use a pak cache.
[2020.10.08-23.11.32:973][  0]LogDerivedDataCache: Unable to find inner node EnterprisePak for hierarchical cache Hierarchy.
[2020.10.08-23.11.32:985][  0]LogDerivedDataCache: Using Local data cache path C:/Users/kenng/AppData/Local/UnrealEngine/Common/DerivedDataCache: Writable
[2020.10.08-23.11.32:985][  0]LogDerivedDataCache: Shared data cache path not found in *engine.ini, will not use an Shared cache.
[2020.10.08-23.11.32:985][  0]LogDerivedDataCache: Unable to find inner node Shared for hierarchical cache Hierarchy.
[2020.10.08-23.11.33:008][  0]LogMaterial: Verifying Global Shaders for PCD3D_SM5
[2020.10.08-23.11.33:010][  0]LogSlate: Using FreeType 2.6.0
[2020.10.08-23.11.33:011][  0]LogSlate: SlateFontServices - WITH_FREETYPE: 1, WITH_HARFBUZZ: 1
[2020.10.08-23.11.33:098][  0]LogAssetRegistry: FAssetRegistry took 0.0336 seconds to start up
[2020.10.08-23.11.33:471][  0]LogInit: Selected Device Profile: [Windows]
[2020.10.08-23.11.33:607][  0]LogMeshReduction: Using QuadricMeshReduction for automatic static mesh reduction
[2020.10.08-23.11.33:607][  0]LogMeshReduction: Using SimplygonMeshReduction for automatic skeletal mesh reduction
[2020.10.08-23.11.33:607][  0]LogMeshReduction: Using ProxyLODMeshReduction for automatic mesh merging
[2020.10.08-23.11.33:607][  0]LogMeshReduction: No distributed automatic mesh merging module available
[2020.10.08-23.11.33:607][  0]LogMeshMerging: No distributed automatic mesh merging module available
[2020.10.08-23.11.33:624][  0]LogNetVersion: Homework3 1.0.0, NetCL: 5660361, EngineNetVer: 10, GameNetVer: 0 (Checksum: 105737353)
[2020.10.08-23.11.34:061][  0]LogPackageLocalizationCache: Processed 10 localized package path(s) for 1 prioritized culture(s) in 0.047306 seconds
[2020.10.08-23.11.34:068][  0]LogUObjectArray: 42205 objects as part of root set at end of initial load.
[2020.10.08-23.11.34:068][  0]LogUObjectAllocator: 7325032 out of 0 bytes used by permanent object pool.
[2020.10.08-23.11.34:068][  0]LogUObjectArray: CloseDisregardForGC: 0/0 objects in disregard for GC pool
[2020.10.08-23.11.34:877][  0]LogTcpMessaging: Initializing TcpMessaging bridge
[2020.10.08-23.11.34:891][  0]LogUdpMessaging: Initializing bridge on interface 0.0.0.0:0 to multicast group 230.0.0.1:6666.
[2020.10.08-23.11.34:997][  0]SourceControl: Source control is disabled
[2020.10.08-23.11.34:997][  0]SourceControl: Source control is disabled
[2020.10.08-23.11.34:998][  0]SourceControl: Source control is disabled
[2020.10.08-23.11.34:999][  0]SourceControl: Source control is disabled
[2020.10.08-23.11.35:068][  0]LogAndroidPermission: UAndroidPermissionCallbackProxy::GetInstance
[2020.10.08-23.11.35:145][  0]LogOcInput: OculusInput pre-init called
[2020.10.08-23.11.35:838][  0]LogEngine: Initializing Engine...
[2020.10.08-23.11.35:839][  0]LogHMD: Failed to initialize OpenVR with code 110
[2020.10.08-23.11.35:840][  0]LogStats: UGameplayTagsManager::InitializeManager -  0.000 s
[2020.10.08-23.11.36:093][  0]LogInit: Initializing FReadOnlyCVARCache
[2020.10.08-23.11.36:102][  0]LogAIModule: Creating AISystem for world Untitled
[2020.10.08-23.11.36:119][  0]LogInit: XAudio2 using 'Speakers (Realtek High Definition Audio)' : 2 channels at 48 kHz using 32 bits per sample (channel mask 0x3)
[2020.10.08-23.11.36:147][  0]LogInit: FAudioDevice initialized.
[2020.10.08-23.11.36:147][  0]LogNetVersion: Set ProjectVersion to 1.0.0.0. Version Checksum will be recalculated on next use.
[2020.10.08-23.11.36:191][  0]LogDerivedDataCache: Saved boot cache 0.04s 71MB C:/Users/kenng/AppData/Local/UnrealEngine/4.22/DerivedDataCache/Boot.ddc.
[2020.10.08-23.11.36:196][  0]LogInit: Texture streaming: Enabled
[2020.10.08-23.11.36:210][  0]LogEngineSessionManager: EngineSessionManager initialized
[2020.10.08-23.11.36:210][  0]LogEngineSessionManager: EngineSessionManager sent abnormal shutdown report. Type=AbnormalShutdown, SessionId={40B0BCFE-422E-150A-673E-9C98DD4B0130}
[2020.10.08-23.11.36:235][  0]LogInit: Transaction tracking system initialized
[2020.10.08-23.11.36:253][  0]BlueprintLog: New page: Editor Load
[2020.10.08-23.11.36:322][  0]LocalizationService: Localization service is disabled
[2020.10.08-23.11.36:428][  0]LogLinker: Warning: Can't find file '/Game/FirstPersonBP/FirstPersonOverview'
[2020.10.08-23.11.36:428][  0]LogLinker: Warning: Can't find file '/Game/FirstPersonBP/FirstPersonOverview'
[2020.10.08-23.11.36:428][  0]LogUObjectGlobals: Warning: Failed to find object 'Class /Game/FirstPersonBP/FirstPersonOverview.FirstPersonOverview_C'
[2020.10.08-23.11.36:612][  0]LogFileCache: Scanning file cache for directory 'L:/New folder/Homework3/Homework3/Content/' took 0.02s
[2020.10.08-23.11.36:612][  0]LogCook: Display: Max memory allowance for cook 16384mb min free memory 0mb
[2020.10.08-23.11.36:613][  0]LogCook: Display: Mobile HDR setting 1
[2020.10.08-23.11.36:785][  0]SourceControl: Source control is disabled
[2020.10.08-23.11.36:785][  0]Cmd: MAP LOAD FILE="../../../../New folder/Homework3/Homework3/Content/ThirdPersonBP/Maps/ThirdPersonExampleMap.umap" TEMPLATE=0 SHOWPROGRESS=1 FEATURELEVEL=3
[2020.10.08-23.11.36:792][  0]LightingResults: New page: Lighting Build
[2020.10.08-23.11.36:794][  0]MapCheck: New page: Map Check
[2020.10.08-23.11.36:794][  0]LightingResults: New page: Lighting Build
[2020.10.08-23.11.36:819][  0]LogUObjectHash: Compacting FUObjectHashTables data took   1.78ms
[2020.10.08-23.11.37:015][  0]LogAIModule: Creating AISystem for world ThirdPersonExampleMap
[2020.10.08-23.11.37:030][  0]LogEditorServer: Finished looking for orphan Actors (0.000 secs)
[2020.10.08-23.11.37:054][  0]LogUObjectHash: Compacting FUObjectHashTables data took   1.83ms
[2020.10.08-23.11.37:054][  0]Cmd: MAP CHECKDEP NOCLEARLOG
[2020.10.08-23.11.37:054][  0]MapCheck: Map check complete: 0 Error(s), 0 Warning(s), took 0.081ms to complete.
[2020.10.08-23.11.37:054][  0]LogFileHelpers: Loading map 'ThirdPersonExampleMap' took 0.269
[2020.10.08-23.11.37:202][  0]LogSlate: Updating window title bar state: overlay mode, drag disabled, window buttons hidden, title bar hidden
[2020.10.08-23.11.37:212][  0]LogSlate: Updating window title bar state: overlay mode, drag disabled, window buttons hidden, title bar hidden
[2020.10.08-23.11.37:221][  0]LogSlate: Updating window title bar state: overlay mode, drag disabled, window buttons hidden, title bar hidden
[2020.10.08-23.11.37:230][  0]LogSlate: Updating window title bar state: overlay mode, drag disabled, window buttons hidden, title bar hidden
[2020.10.08-23.11.37:240][  0]LogCollectionManager: Loaded 0 collections in 0.000796 seconds
[2020.10.08-23.11.37:284][  0]LogFileCache: Scanning file cache for directory 'L:/New folder/Homework3/Homework3/Saved/Collections/' took 0.01s
[2020.10.08-23.11.37:284][  0]LogFileCache: Scanning file cache for directory 'L:/New folder/Homework3/Homework3/Content/Developers/kenng/Collections/' took 0.01s
[2020.10.08-23.11.37:284][  0]LogFileCache: Scanning file cache for directory 'L:/New folder/Homework3/Homework3/Content/Collections/' took 0.01s
[2020.10.08-23.11.37:284][  0]LogCollectionManager: Rebuilt the GUID cache for 0 collections in 0.000000 seconds
[2020.10.08-23.11.37:294][  0]LogContentBrowser: Native class hierarchy populated in 0.0098 seconds. Added 2732 classes and 659 folders.
[2020.10.08-23.11.37:300][  0]LogContentBrowser: Native class hierarchy updated for 'WidgetCarousel' in 0.0003 seconds. Added 0 classes and 0 folders.
[2020.10.08-23.11.37:348][  0]LogPakFile: Registered encryption key '00000000000000000000000000000000': 0 pak files mounted, 0 remain pending
[2020.10.08-23.11.37:359][  0]LogPakFile: Registered encryption key '00000000000000000000000000000000': 0 pak files mounted, 0 remain pending
[2020.10.08-23.11.37:377][  0]LogPakFile: Registered encryption key '00000000000000000000000000000000': 0 pak files mounted, 0 remain pending
[2020.10.08-23.11.37:385][  0]LogPakFile: Registered encryption key '00000000000000000000000000000000': 0 pak files mounted, 0 remain pending
[2020.10.08-23.11.37:392][  0]LogPakFile: Registered encryption key '00000000000000000000000000000000': 0 pak files mounted, 0 remain pending
[2020.10.08-23.11.37:400][  0]LogPakFile: Registered encryption key '00000000000000000000000000000000': 0 pak files mounted, 0 remain pending
[2020.10.08-23.11.37:407][  0]LogPakFile: Registered encryption key '00000000000000000000000000000000': 0 pak files mounted, 0 remain pending
[2020.10.08-23.11.37:415][  0]LogPakFile: Registered encryption key '00000000000000000000000000000000': 0 pak files mounted, 0 remain pending
[2020.10.08-23.11.37:423][  0]LogPakFile: Registered encryption key '00000000000000000000000000000000': 0 pak files mounted, 0 remain pending
[2020.10.08-23.11.37:433][  0]LogPakFile: Registered encryption key '00000000000000000000000000000000': 0 pak files mounted, 0 remain pending
[2020.10.08-23.11.37:440][  0]LogPakFile: Registered encryption key '00000000000000000000000000000000': 0 pak files mounted, 0 remain pending
[2020.10.08-23.11.37:448][  0]LogPakFile: Registered encryption key '00000000000000000000000000000000': 0 pak files mounted, 0 remain pending
[2020.10.08-23.11.37:456][  0]LogPakFile: Registered encryption key '00000000000000000000000000000000': 0 pak files mounted, 0 remain pending
[2020.10.08-23.11.37:463][  0]LogPakFile: Registered encryption key '00000000000000000000000000000000': 0 pak files mounted, 0 remain pending
[2020.10.08-23.11.37:472][  0]LogPakFile: Registered encryption key '00000000000000000000000000000000': 0 pak files mounted, 0 remain pending
[2020.10.08-23.11.37:481][  0]LogPakFile: Registered encryption key '00000000000000000000000000000000': 0 pak files mounted, 0 remain pending
[2020.10.08-23.11.37:513][  0]LogPakFile: Registered encryption key '00000000000000000000000000000000': 0 pak files mounted, 0 remain pending
[2020.10.08-23.11.37:519][  0]LogPakFile: Registered encryption key '00000000000000000000000000000000': 0 pak files mounted, 0 remain pending
[2020.10.08-23.11.37:526][  0]LogPakFile: Registered encryption key '00000000000000000000000000000000': 0 pak files mounted, 0 remain pending
[2020.10.08-23.11.37:533][  0]LogPakFile: Registered encryption key '00000000000000000000000000000000': 0 pak files mounted, 0 remain pending
[2020.10.08-23.11.37:540][  0]LogPakFile: Registered encryption key '00000000000000000000000000000000': 0 pak files mounted, 0 remain pending
[2020.10.08-23.11.37:547][  0]LogPakFile: Registered encryption key '00000000000000000000000000000000': 0 pak files mounted, 0 remain pending
[2020.10.08-23.11.37:554][  0]LogPakFile: Registered encryption key '00000000000000000000000000000000': 0 pak files mounted, 0 remain pending
[2020.10.08-23.11.37:564][  0]LogPakFile: Registered encryption key '00000000000000000000000000000000': 0 pak files mounted, 0 remain pending
[2020.10.08-23.11.37:571][  0]LogPakFile: Registered encryption key '00000000000000000000000000000000': 0 pak files mounted, 0 remain pending
[2020.10.08-23.11.37:580][  0]LogPakFile: Registered encryption key '00000000000000000000000000000000': 0 pak files mounted, 0 remain pending
[2020.10.08-23.11.37:943][  0]LogContentBrowser: Native class hierarchy updated for 'AddContentDialog' in 0.0002 seconds. Added 0 classes and 0 folders.
[2020.10.08-23.11.37:963][  0]LogContentBrowser: Native class hierarchy updated for 'SceneOutliner' in 0.0003 seconds. Added 1 classes and 2 folders.
[2020.10.08-23.11.38:103][  0]LogSlate: Took 0.000152 seconds to synchronously load lazily loaded font '../../../Engine/Content/Slate/Fonts/Roboto-Regular.ttf' (155K)
[2020.10.08-23.11.38:106][  0]LogSlate: Took 0.000135 seconds to synchronously load lazily loaded font '../../../Engine/Content/Slate/Fonts/Roboto-Bold.ttf' (160K)
[2020.10.08-23.11.38:121][  0]LogSlate: Took 0.007909 seconds to synchronously load lazily loaded font '../../../Engine/Content/Editor/Slate/Fonts/FontAwesome.ttf' (139K)
[2020.10.08-23.11.38:230][  0]LogRenderer: Reallocating scene render targets to support 964x436 Format 10 NumSamples 1 (Frame:1).
[2020.10.08-23.11.38:383][  0]LogContentBrowser: Native class hierarchy updated for 'HierarchicalLODOutliner' in 0.0002 seconds. Added 0 classes and 0 folders.
[2020.10.08-23.11.38:384][  0]LogLoad: (Engine Initialization) Total time: 9.31 seconds
[2020.10.08-23.11.38:384][  0]LogLoad: (Engine Initialization) Total Blueprint compile time: 0.00 seconds
[2020.10.08-23.11.38:420][  0]LogContentStreaming: Texture pool size now 1000 MB
[2020.10.08-23.11.39:422][ 56]LogSlate: Took 0.008780 seconds to synchronously load lazily loaded font '../../../Engine/Content/Slate/Fonts/Roboto-Light.ttf' (167K)
[2020.10.08-23.11.40:268][107]LogSlate: FSceneViewport::OnFocusLost() reason 0
[2020.10.08-23.11.40:335][111]LogTemp: Repeating last play command: Selected Viewport
[2020.10.08-23.11.40:351][111]LogBlueprintUserMessages: Early PlayInEditor Detection: Level '/Game/ThirdPersonBP/Maps/ThirdPersonExampleMap.ThirdPersonExampleMap:PersistentLevel' has LevelScriptBlueprint '/Game/ThirdPersonBP/Maps/ThirdPersonExampleMap.ThirdPersonExampleMap:PersistentLevel.ThirdPersonExampleMap' with GeneratedClass '/Game/ThirdPersonBP/Maps/ThirdPersonExampleMap.ThirdPersonExampleMap_C' with ClassGeneratedBy '/Game/ThirdPersonBP/Maps/ThirdPersonExampleMap.ThirdPersonExampleMap:PersistentLevel.ThirdPersonExampleMap'
[2020.10.08-23.11.40:351][111]LogPlayLevel: PlayLevel: No blueprints needed recompiling
[2020.10.08-23.11.40:352][111]PIE: New page: PIE session: ThirdPersonExampleMap (Oct 8, 2020, 3:11:40 PM)
[2020.10.08-23.11.40:365][111]LogPlayLevel: Creating play world package: /Game/ThirdPersonBP/Maps/UEDPIE_0_ThirdPersonExampleMap
[2020.10.08-23.11.40:380][111]LogPlayLevel: PIE: StaticDuplicateObject took: (0.014311s)
[2020.10.08-23.11.40:380][111]LogAIModule: Creating AISystem for world ThirdPersonExampleMap
[2020.10.08-23.11.40:381][111]LogPlayLevel: PIE: World Init took: (0.000897s)
[2020.10.08-23.11.40:381][111]LogPlayLevel: PIE: Created PIE world by copying editor world from /Game/ThirdPersonBP/Maps/ThirdPersonExampleMap.ThirdPersonExampleMap to /Game/ThirdPersonBP/Maps/UEDPIE_0_ThirdPersonExampleMap.ThirdPersonExampleMap (0.015512s)
[2020.10.08-23.11.40:405][111]LogUObjectHash: Compacting FUObjectHashTables data took   1.08ms
[2020.10.08-23.11.40:417][111]LogInit: XAudio2 using 'Speakers (Realtek High Definition Audio)' : 2 channels at 48 kHz using 32 bits per sample (channel mask 0x3)
[2020.10.08-23.11.40:438][111]LogInit: FAudioDevice initialized.
[2020.10.08-23.11.41:551][111]LogTexture: Display: Building textures: Chassepot_19_NM (BC5, 2048X2048)
[2020.10.08-23.11.41:551][111]LogTexture: Display: Building textures: Chassepot_19_TXTR (AutoDXT, 2048X2048)
[2020.10.08-23.11.41:551][111]LogMaterial: Display: Missing cached shader map for material Chassepot_191, compiling. 
[2020.10.08-23.11.41:620][111]LogStaticMesh: Building static mesh Musket_01...
[2020.10.08-23.11.42:067][111]LogStaticMesh: Built static mesh [0.45s] /Game/TPS/Musket_01.Musket_01
[2020.10.08-23.11.42:155][111]LogMaterial: Display: Missing cached shader map for material Chassepot_190, compiling. 
[2020.10.08-23.11.42:172][111]LogLoad: Game class is 'ThirdPersonGameMode_C'
[2020.10.08-23.11.42:175][111]LogWorld: Bringing World /Game/ThirdPersonBP/Maps/UEDPIE_0_ThirdPersonExampleMap.ThirdPersonExampleMap up for play (max tick rate 60) at 2020.10.08-19.11.42
[2020.10.08-23.11.42:175][111]LogWorld: Bringing up level for play took: 0.001238
[2020.10.08-23.11.42:197][111]LogContentBrowser: Native class hierarchy updated for 'MovieSceneCapture' in 0.0005 seconds. Added 20 classes and 0 folders.
[2020.10.08-23.11.42:205][111]PIE: Play in editor start time for /Game/ThirdPersonBP/Maps/UEDPIE_0_ThirdPersonExampleMap 1.233
[2020.10.08-23.11.42:205][111]LogBlueprintUserMessages: Late PlayInEditor Detection: Level '/Game/ThirdPersonBP/Maps/ThirdPersonExampleMap.ThirdPersonExampleMap:PersistentLevel' has LevelScriptBlueprint '/Game/ThirdPersonBP/Maps/ThirdPersonExampleMap.ThirdPersonExampleMap:PersistentLevel.ThirdPersonExampleMap' with GeneratedClass '/Game/ThirdPersonBP/Maps/ThirdPersonExampleMap.ThirdPersonExampleMap_C' with ClassGeneratedBy '/Game/ThirdPersonBP/Maps/ThirdPersonExampleMap.ThirdPersonExampleMap:PersistentLevel.ThirdPersonExampleMap'
[2020.10.08-23.11.42:476][122]LogSlate: Took 0.000190 seconds to synchronously load lazily loaded font '../../../Engine/Content/Slate/Fonts/Roboto-Light.ttf' (167K)
[2020.10.08-23.11.43:163][128]LogScript: Warning: Accessed None trying to read property CallFunc_TryGetPawnOwner_ReturnValue
	AnimBP_TPS_C /Engine/Transient.World_5:PersistentLevel.SkeletalMeshActor_0.SkeletalMeshComponent0.AnimBP_TPS_C_0
	Function /Game/TPS/AnimBP_TPS.AnimBP_TPS_C:ExecuteUbergraph_AnimBP_TPS:015C
[2020.10.08-23.11.43:163][128]LogScript: Warning: Accessed None trying to read property CallFunc_TryGetPawnOwner_ReturnValue
	AnimBP_TPS_C /Engine/Transient.World_5:PersistentLevel.SkeletalMeshActor_0.SkeletalMeshComponent0.AnimBP_TPS_C_0
	Function /Game/TPS/AnimBP_TPS.AnimBP_TPS_C:ExecuteUbergraph_AnimBP_TPS:018E
[2020.10.08-23.11.43:163][128]LogScript: Warning: Accessed None trying to read property CallFunc_TryGetPawnOwner_ReturnValue
	AnimBP_TPS_C /Engine/Transient.World_5:PersistentLevel.SkeletalMeshActor_0.SkeletalMeshComponent0.AnimBP_TPS_C_0
	Function /Game/TPS/AnimBP_TPS.AnimBP_TPS_C:ExecuteUbergraph_AnimBP_TPS:0227
[2020.10.08-23.11.49:272][493]LogAssetRegistry: Asset discovery search completed in 16.1962 seconds
[2020.10.08-23.11.49:273][493]LogCollectionManager: Rebuilt the object cache for 0 collections in 0.000000 seconds (found 0 objects)
[2020.10.08-23.11.49:273][493]LogCollectionManager: Fixed up redirectors for 0 collections in 0.000044 seconds (updated 0 objects)
[2020.10.08-23.11.53:622][754]LogBlueprintUserMessages: Early EndPlayMap Detection: Level '/Game/ThirdPersonBP/Maps/ThirdPersonExampleMap.ThirdPersonExampleMap:PersistentLevel' has LevelScriptBlueprint '/Game/ThirdPersonBP/Maps/ThirdPersonExampleMap.ThirdPersonExampleMap:PersistentLevel.ThirdPersonExampleMap' with GeneratedClass '/Game/ThirdPersonBP/Maps/ThirdPersonExampleMap.ThirdPersonExampleMap_C' with ClassGeneratedBy '/Game/ThirdPersonBP/Maps/ThirdPersonExampleMap.ThirdPersonExampleMap:PersistentLevel.ThirdPersonExampleMap'
[2020.10.08-23.11.53:623][754]LogSlate: Updating window title bar state: overlay mode, drag disabled, window buttons hidden, title bar hidden
[2020.10.08-23.11.53:651][754]LogPlayLevel: Display: Shutting down PIE online subsystems
[2020.10.08-23.11.53:651][754]LogBlueprintUserMessages: Late EndPlayMap Detection: Level '/Game/ThirdPersonBP/Maps/ThirdPersonExampleMap.ThirdPersonExampleMap:PersistentLevel' has LevelScriptBlueprint '/Game/ThirdPersonBP/Maps/ThirdPersonExampleMap.ThirdPersonExampleMap:PersistentLevel.ThirdPersonExampleMap' with GeneratedClass '/Game/ThirdPersonBP/Maps/ThirdPersonExampleMap.ThirdPersonExampleMap_C' with ClassGeneratedBy '/Game/ThirdPersonBP/Maps/ThirdPersonExampleMap.ThirdPersonExampleMap:PersistentLevel.ThirdPersonExampleMap'
[2020.10.08-23.11.53:683][754]LogSlate: Updating window title bar state: overlay mode, drag disabled, window buttons hidden, title bar hidden
[2020.10.08-23.11.53:688][754]LogUObjectHash: Compacting FUObjectHashTables data took   2.19ms
[2020.10.08-23.11.53:728][756]LogPlayLevel: Display: Destroying online subsystem :Context_1
[2020.10.08-23.12.15:201][376]LogSlate: FSceneViewport::OnFocusLost() reason 0
[2020.10.08-23.12.15:362][385]LogAssetEditorManager: Opening Asset editor for AnimBlueprint /Game/TPS/AnimBP_TPS.AnimBP_TPS
[2020.10.08-23.12.15:406][385]LogContentBrowser: Native class hierarchy updated for 'SkeletonEditor' in 0.0003 seconds. Added 1 classes and 2 folders.
[2020.10.08-23.12.15:618][385]LogActorComponent: RegisterComponentWithWorld: (/Engine/Transient.World_7:PersistentLevel.AnimationEditorPreviewActor_0.DebugSkelMeshComponent_0) Already registered. Aborting.
[2020.10.08-23.12.15:619][385]LogScript: Warning: Accessed None trying to read property CallFunc_TryGetPawnOwner_ReturnValue
	AnimBP_TPS_C /Engine/Transient.World_7:PersistentLevel.AnimationEditorPreviewActor_0.DebugSkelMeshComponent_0.AnimBP_TPS_C_0
	Function /Game/TPS/AnimBP_TPS.AnimBP_TPS_C:ExecuteUbergraph_AnimBP_TPS:015C
[2020.10.08-23.12.15:619][385]LogScript: Warning: Accessed None trying to read property CallFunc_TryGetPawnOwner_ReturnValue
	AnimBP_TPS_C /Engine/Transient.World_7:PersistentLevel.AnimationEditorPreviewActor_0.DebugSkelMeshComponent_0.AnimBP_TPS_C_0
	Function /Game/TPS/AnimBP_TPS.AnimBP_TPS_C:ExecuteUbergraph_AnimBP_TPS:018E
[2020.10.08-23.12.15:619][385]LogScript: Warning: Accessed None trying to read property CallFunc_TryGetPawnOwner_ReturnValue
	AnimBP_TPS_C /Engine/Transient.World_7:PersistentLevel.AnimationEditorPreviewActor_0.DebugSkelMeshComponent_0.AnimBP_TPS_C_0
	Function /Game/TPS/AnimBP_TPS.AnimBP_TPS_C:ExecuteUbergraph_AnimBP_TPS:0227
[2020.10.08-23.12.15:624][385]LogContentBrowser: Native class hierarchy updated for 'PinnedCommandList' in 0.0002 seconds. Added 1 classes and 0 folders.
[2020.10.08-23.12.15:901][385]LogContentBrowser: Native class hierarchy updated for 'BlueprintGraph' in 0.0006 seconds. Added 121 classes and 0 folders.
[2020.10.08-23.12.16:740][385]LogSkeletalMesh: USkeletalMeshComponent::InitArticulated : Bodies already created (/Engine/Transient.World_7:PersistentLevel.AnimationEditorPreviewActor_0.DebugSkelMeshComponent_0) - call TermArticulated first.
[2020.10.08-23.12.17:030][385]LogScript: Warning: Accessed None trying to read property CallFunc_TryGetPawnOwner_ReturnValue
	AnimBP_TPS_C /Engine/Transient.World_7:PersistentLevel.AnimationEditorPreviewActor_0.DebugSkelMeshComponent_0.AnimBP_TPS_C_0
	Function /Game/TPS/AnimBP_TPS.AnimBP_TPS_C:ExecuteUbergraph_AnimBP_TPS:015C
[2020.10.08-23.12.17:030][385]LogScript: Warning: Accessed None trying to read property CallFunc_TryGetPawnOwner_ReturnValue
	AnimBP_TPS_C /Engine/Transient.World_7:PersistentLevel.AnimationEditorPreviewActor_0.DebugSkelMeshComponent_0.AnimBP_TPS_C_0
	Function /Game/TPS/AnimBP_TPS.AnimBP_TPS_C:ExecuteUbergraph_AnimBP_TPS:018E
[2020.10.08-23.12.17:030][385]LogScript: Warning: Accessed None trying to read property CallFunc_TryGetPawnOwner_ReturnValue
	AnimBP_TPS_C /Engine/Transient.World_7:PersistentLevel.AnimationEditorPreviewActor_0.DebugSkelMeshComponent_0.AnimBP_TPS_C_0
	Function /Game/TPS/AnimBP_TPS.AnimBP_TPS_C:ExecuteUbergraph_AnimBP_TPS:0227
[2020.10.08-23.12.17:071][385]LogSlate: Took 0.006931 seconds to synchronously load lazily loaded font '../../../Engine/Content/Slate/Fonts/Roboto-BoldCondensed.ttf' (158K)
[2020.10.08-23.12.17:197][385]LogContentBrowser: Verbose: The majority of assets in the view are of type: AnimSequence
[2020.10.08-23.12.17:220][386]LogScript: Warning: Accessed None trying to read property CallFunc_TryGetPawnOwner_ReturnValue
	AnimBP_TPS_C /Engine/Transient.World_7:PersistentLevel.AnimationEditorPreviewActor_0.DebugSkelMeshComponent_0.AnimBP_TPS_C_0
	Function /Game/TPS/AnimBP_TPS.AnimBP_TPS_C:ExecuteUbergraph_AnimBP_TPS:015C
[2020.10.08-23.12.17:220][386]LogScript: Warning: Accessed None trying to read property CallFunc_TryGetPawnOwner_ReturnValue
	AnimBP_TPS_C /Engine/Transient.World_7:PersistentLevel.AnimationEditorPreviewActor_0.DebugSkelMeshComponent_0.AnimBP_TPS_C_0
	Function /Game/TPS/AnimBP_TPS.AnimBP_TPS_C:ExecuteUbergraph_AnimBP_TPS:018E
[2020.10.08-23.12.17:220][386]LogScript: Warning: Accessed None trying to read property CallFunc_TryGetPawnOwner_ReturnValue
	AnimBP_TPS_C /Engine/Transient.World_7:PersistentLevel.AnimationEditorPreviewActor_0.DebugSkelMeshComponent_0.AnimBP_TPS_C_0
	Function /Game/TPS/AnimBP_TPS.AnimBP_TPS_C:ExecuteUbergraph_AnimBP_TPS:0227
[2020.10.08-23.12.17:239][386]LogSlate: Took 0.012230 seconds to synchronously load lazily loaded font '../../../Engine/Content/Slate/Fonts/Roboto-Italic.ttf' (157K)
[2020.10.08-23.12.17:263][387]LogScript: Warning: Accessed None trying to read property CallFunc_TryGetPawnOwner_ReturnValue
	AnimBP_TPS_C /Engine/Transient.World_7:PersistentLevel.AnimationEditorPreviewActor_0.DebugSkelMeshComponent_0.AnimBP_TPS_C_0
	Function /Game/TPS/AnimBP_TPS.AnimBP_TPS_C:ExecuteUbergraph_AnimBP_TPS:015C
[2020.10.08-23.12.17:263][387]LogScript: Warning: Accessed None trying to read property CallFunc_TryGetPawnOwner_ReturnValue
	AnimBP_TPS_C /Engine/Transient.World_7:PersistentLevel.AnimationEditorPreviewActor_0.DebugSkelMeshComponent_0.AnimBP_TPS_C_0
	Function /Game/TPS/AnimBP_TPS.AnimBP_TPS_C:ExecuteUbergraph_AnimBP_TPS:018E
[2020.10.08-23.12.17:263][387]LogScript: Warning: Accessed None trying to read property CallFunc_TryGetPawnOwner_ReturnValue
	AnimBP_TPS_C /Engine/Transient.World_7:PersistentLevel.AnimationEditorPreviewActor_0.DebugSkelMeshComponent_0.AnimBP_TPS_C_0
	Function /Game/TPS/AnimBP_TPS.AnimBP_TPS_C:ExecuteUbergraph_AnimBP_TPS:0227
[2020.10.08-23.12.17:305][388]LogScript: Warning: Accessed None trying to read property CallFunc_TryGetPawnOwner_ReturnValue
	AnimBP_TPS_C /Engine/Transient.World_7:PersistentLevel.AnimationEditorPreviewActor_0.DebugSkelMeshComponent_0.AnimBP_TPS_C_0
	Function /Game/TPS/AnimBP_TPS.AnimBP_TPS_C:ExecuteUbergraph_AnimBP_TPS:015C
[2020.10.08-23.12.17:306][388]LogScript: Warning: Accessed None trying to read property CallFunc_TryGetPawnOwner_ReturnValue
	AnimBP_TPS_C /Engine/Transient.World_7:PersistentLevel.AnimationEditorPreviewActor_0.DebugSkelMeshComponent_0.AnimBP_TPS_C_0
	Function /Game/TPS/AnimBP_TPS.AnimBP_TPS_C:ExecuteUbergraph_AnimBP_TPS:018E
[2020.10.08-23.12.24:793][722]LogSlate: Window 'AnimBP_TPS' being destroyed
[2020.10.08-23.12.24:801][722]LogSlate: Window 'AnimBP_TPS' being destroyed
[2020.10.08-23.12.25:984][781]LogAssetEditorManager: Opening Asset editor for Blueprint /Game/TPS/BP_TPS.BP_TPS
[2020.10.08-23.35.27:037][280]LogTemp: Repeating last play command: Selected Viewport
[2020.10.08-23.35.27:059][280]LogBlueprintUserMessages: Early PlayInEditor Detection: Level '/Game/ThirdPersonBP/Maps/ThirdPersonExampleMap.ThirdPersonExampleMap:PersistentLevel' has LevelScriptBlueprint '/Game/ThirdPersonBP/Maps/ThirdPersonExampleMap.ThirdPersonExampleMap:PersistentLevel.ThirdPersonExampleMap' with GeneratedClass '/Game/ThirdPersonBP/Maps/ThirdPersonExampleMap.ThirdPersonExampleMap_C' with ClassGeneratedBy '/Game/ThirdPersonBP/Maps/ThirdPersonExampleMap.ThirdPersonExampleMap:PersistentLevel.ThirdPersonExampleMap'
[2020.10.08-23.35.27:059][280]LogPlayLevel: PlayLevel: No blueprints needed recompiling
[2020.10.08-23.35.27:059][280]PIE: New page: PIE session: ThirdPersonExampleMap (Oct 8, 2020, 3:35:27 PM)
[2020.10.08-23.35.27:059][280]LogPlayLevel: Creating play world package: /Game/ThirdPersonBP/Maps/UEDPIE_0_ThirdPersonExampleMap
[2020.10.08-23.35.27:070][280]LogPlayLevel: PIE: StaticDuplicateObject took: (0.010837s)
[2020.10.08-23.35.27:071][280]LogAIModule: Creating AISystem for world ThirdPersonExampleMap
[2020.10.08-23.35.27:071][280]LogPlayLevel: PIE: World Init took: (0.001299s)
[2020.10.08-23.35.27:071][280]LogPlayLevel: PIE: Created PIE world by copying editor world from /Game/ThirdPersonBP/Maps/ThirdPersonExampleMap.ThirdPersonExampleMap to /Game/ThirdPersonBP/Maps/UEDPIE_0_ThirdPersonExampleMap.ThirdPersonExampleMap (0.012305s)
[2020.10.08-23.35.27:121][280]LogUObjectHash: Compacting FUObjectHashTables data took   4.06ms
[2020.10.08-23.35.27:134][280]LogInit: XAudio2 using 'Speakers (Realtek High Definition Audio)' : 2 channels at 48 kHz using 32 bits per sample (channel mask 0x3)
[2020.10.08-23.35.27:154][280]LogInit: FAudioDevice initialized.
[2020.10.08-23.35.27:192][280]LogLoad: Game class is 'ThirdPersonGameMode_C'
[2020.10.08-23.35.27:194][280]LogWorld: Bringing World /Game/ThirdPersonBP/Maps/UEDPIE_0_ThirdPersonExampleMap.ThirdPersonExampleMap up for play (max tick rate 60) at 2020.10.08-19.35.27
[2020.10.08-23.35.27:194][280]LogWorld: Bringing up level for play took: 0.001162
[2020.10.08-23.35.27:209][280]PIE: Play in editor start time for /Game/ThirdPersonBP/Maps/UEDPIE_0_ThirdPersonExampleMap 0.236
[2020.10.08-23.35.27:209][280]LogBlueprintUserMessages: Late PlayInEditor Detection: Level '/Game/ThirdPersonBP/Maps/ThirdPersonExampleMap.ThirdPersonExampleMap:PersistentLevel' has LevelScriptBlueprint '/Game/ThirdPersonBP/Maps/ThirdPersonExampleMap.ThirdPersonExampleMap:PersistentLevel.ThirdPersonExampleMap' with GeneratedClass '/Game/ThirdPersonBP/Maps/ThirdPersonExampleMap.ThirdPersonExampleMap_C' with ClassGeneratedBy '/Game/ThirdPersonBP/Maps/ThirdPersonExampleMap.ThirdPersonExampleMap:PersistentLevel.ThirdPersonExampleMap'
[2020.10.08-23.35.28:643][364]LogBlueprintUserMessages: Early EndPlayMap Detection: Level '/Game/ThirdPersonBP/Maps/ThirdPersonExampleMap.ThirdPersonExampleMap:PersistentLevel' has LevelScriptBlueprint '/Game/ThirdPersonBP/Maps/ThirdPersonExampleMap.ThirdPersonExampleMap:PersistentLevel.ThirdPersonExampleMap' with GeneratedClass '/Game/ThirdPersonBP/Maps/ThirdPersonExampleMap.ThirdPersonExampleMap_C' with ClassGeneratedBy '/Game/ThirdPersonBP/Maps/ThirdPersonExampleMap.ThirdPersonExampleMap:PersistentLevel.ThirdPersonExampleMap'
[2020.10.08-23.35.28:643][364]LogSlate: Updating window title bar state: overlay mode, drag disabled, window buttons hidden, title bar hidden
[2020.10.08-23.35.28:672][364]LogPlayLevel: Display: Shutting down PIE online subsystems
[2020.10.08-23.35.28:672][364]LogBlueprintUserMessages: Late EndPlayMap Detection: Level '/Game/ThirdPersonBP/Maps/ThirdPersonExampleMap.ThirdPersonExampleMap:PersistentLevel' has LevelScriptBlueprint '/Game/ThirdPersonBP/Maps/ThirdPersonExampleMap.ThirdPersonExampleMap:PersistentLevel.ThirdPersonExampleMap' with GeneratedClass '/Game/ThirdPersonBP/Maps/ThirdPersonExampleMap.ThirdPersonExampleMap_C' with ClassGeneratedBy '/Game/ThirdPersonBP/Maps/ThirdPersonExampleMap.ThirdPersonExampleMap:PersistentLevel.ThirdPersonExampleMap'
[2020.10.08-23.35.28:709][364]LogSlate: Updating window title bar state: overlay mode, drag disabled, window buttons hidden, title bar hidden
[2020.10.08-23.35.28:713][364]LogUObjectHash: Compacting FUObjectHashTables data took   1.83ms
[2020.10.08-23.35.28:750][366]LogPlayLevel: Display: Destroying online subsystem :Context_14
[2020.10.08-23.35.30:897][493]LogBlueprintUserMessages: Early PlayInEditor Detection: Level '/Game/ThirdPersonBP/Maps/ThirdPersonExampleMap.ThirdPersonExampleMap:PersistentLevel' has LevelScriptBlueprint '/Game/ThirdPersonBP/Maps/ThirdPersonExampleMap.ThirdPersonExampleMap:PersistentLevel.ThirdPersonExampleMap' with GeneratedClass '/Game/ThirdPersonBP/Maps/ThirdPersonExampleMap.ThirdPersonExampleMap_C' with ClassGeneratedBy '/Game/ThirdPersonBP/Maps/ThirdPersonExampleMap.ThirdPersonExampleMap:PersistentLevel.ThirdPersonExampleMap'
[2020.10.08-23.35.30:897][493]LogPlayLevel: PlayLevel: No blueprints needed recompiling
[2020.10.08-23.35.30:897][493]PIE: New page: PIE session: ThirdPersonExampleMap (Oct 8, 2020, 3:35:30 PM)
[2020.10.08-23.35.30:897][493]LogPlayLevel: Creating play world package: /Game/ThirdPersonBP/Maps/UEDPIE_0_ThirdPersonExampleMap
[2020.10.08-23.35.30:909][493]LogPlayLevel: PIE: StaticDuplicateObject took: (0.011135s)
[2020.10.08-23.35.30:910][493]LogAIModule: Creating AISystem for world ThirdPersonExampleMap
[2020.10.08-23.35.30:910][493]LogPlayLevel: PIE: World Init took: (0.001357s)
[2020.10.08-23.35.30:910][493]LogPlayLevel: PIE: Created PIE world by copying editor world from /Game/ThirdPersonBP/Maps/ThirdPersonExampleMap.ThirdPersonExampleMap to /Game/ThirdPersonBP/Maps/UEDPIE_0_ThirdPersonExampleMap.ThirdPersonExampleMap (0.012804s)
[2020.10.08-23.35.30:940][493]LogUObjectHash: Compacting FUObjectHashTables data took   1.71ms
[2020.10.08-23.35.30:952][493]LogInit: XAudio2 using 'Speakers (Realtek High Definition Audio)' : 2 channels at 48 kHz using 32 bits per sample (channel mask 0x3)
[2020.10.08-23.35.30:972][493]LogInit: FAudioDevice initialized.
[2020.10.08-23.35.30:982][493]LogSlate: Updating window title bar state: overlay mode, drag disabled, window buttons hidden, title bar hidden
[2020.10.08-23.35.31:017][493]LogLoad: Game class is 'ThirdPersonGameMode_C'
[2020.10.08-23.35.31:018][493]LogWorld: Bringing World /Game/ThirdPersonBP/Maps/UEDPIE_0_ThirdPersonExampleMap.ThirdPersonExampleMap up for play (max tick rate 60) at 2020.10.08-19.35.31
[2020.10.08-23.35.31:018][493]LogWorld: Bringing up level for play took: 0.000835
[2020.10.08-23.35.31:036][493]PIE: Play in editor start time for /Game/ThirdPersonBP/Maps/UEDPIE_0_ThirdPersonExampleMap 0.063
[2020.10.08-23.35.31:037][493]LogBlueprintUserMessages: Late PlayInEditor Detection: Level '/Game/ThirdPersonBP/Maps/ThirdPersonExampleMap.ThirdPersonExampleMap:PersistentLevel' has LevelScriptBlueprint '/Game/ThirdPersonBP/Maps/ThirdPersonExampleMap.ThirdPersonExampleMap:PersistentLevel.ThirdPersonExampleMap' with GeneratedClass '/Game/ThirdPersonBP/Maps/ThirdPersonExampleMap.ThirdPersonExampleMap_C' with ClassGeneratedBy '/Game/ThirdPersonBP/Maps/ThirdPersonExampleMap.ThirdPersonExampleMap:PersistentLevel.ThirdPersonExampleMap'
[2020.10.08-23.35.31:082][494]LogRenderer: Reallocating scene render targets to support 1016x544 Format 10 NumSamples 1 (Frame:1).
[2020.10.08-23.35.34:642][706]LogBlueprintUserMessages: Early EndPlayMap Detection: Level '/Game/ThirdPersonBP/Maps/ThirdPersonExampleMap.ThirdPersonExampleMap:PersistentLevel' has LevelScriptBlueprint '/Game/ThirdPersonBP/Maps/ThirdPersonExampleMap.ThirdPersonExampleMap:PersistentLevel.ThirdPersonExampleMap' with GeneratedClass '/Game/ThirdPersonBP/Maps/ThirdPersonExampleMap.ThirdPersonExampleMap_C' with ClassGeneratedBy '/Game/ThirdPersonBP/Maps/ThirdPersonExampleMap.ThirdPersonExampleMap:PersistentLevel.ThirdPersonExampleMap'
[2020.10.08-23.35.34:642][706]LogSlate: Updating window title bar state: overlay mode, drag disabled, window buttons hidden, title bar hidden
[2020.10.08-23.35.34:655][706]LogSlate: Window 'Homework3 Game Preview Standalone (64-bit/PCD3D_SM5)' being destroyed
[2020.10.08-23.35.34:692][706]LogPlayLevel: Display: Shutting down PIE online subsystems
[2020.10.08-23.35.34:692][706]LogBlueprintUserMessages: Late EndPlayMap Detection: Level '/Game/ThirdPersonBP/Maps/ThirdPersonExampleMap.ThirdPersonExampleMap:PersistentLevel' has LevelScriptBlueprint '/Game/ThirdPersonBP/Maps/ThirdPersonExampleMap.ThirdPersonExampleMap:PersistentLevel.ThirdPersonExampleMap' with GeneratedClass '/Game/ThirdPersonBP/Maps/ThirdPersonExampleMap.ThirdPersonExampleMap_C' with ClassGeneratedBy '/Game/ThirdPersonBP/Maps/ThirdPersonExampleMap.ThirdPersonExampleMap:PersistentLevel.ThirdPersonExampleMap'
[2020.10.08-23.35.34:726][706]LogUObjectHash: Compacting FUObjectHashTables data took   1.87ms
[2020.10.08-23.35.34:741][707]LogPlayLevel: Display: Destroying online subsystem :Context_15
[2020.10.08-23.36.02:502][366]LogTemp: Repeating last play command: New Editor Window (PIE)
[2020.10.08-23.36.02:516][366]LogBlueprintUserMessages: Early PlayInEditor Detection: Level '/Game/ThirdPersonBP/Maps/ThirdPersonExampleMap.ThirdPersonExampleMap:PersistentLevel' has LevelScriptBlueprint '/Game/ThirdPersonBP/Maps/ThirdPersonExampleMap.ThirdPersonExampleMap:PersistentLevel.ThirdPersonExampleMap' with GeneratedClass '/Game/ThirdPersonBP/Maps/ThirdPersonExampleMap.ThirdPersonExampleMap_C' with ClassGeneratedBy '/Game/ThirdPersonBP/Maps/ThirdPersonExampleMap.ThirdPersonExampleMap:PersistentLevel.ThirdPersonExampleMap'
[2020.10.08-23.36.02:516][366]LogPlayLevel: PlayLevel: No blueprints needed recompiling
[2020.10.08-23.36.02:517][366]PIE: New page: PIE session: ThirdPersonExampleMap (Oct 8, 2020, 3:36:02 PM)
[2020.10.08-23.36.02:517][366]LogPlayLevel: Creating play world package: /Game/ThirdPersonBP/Maps/UEDPIE_0_ThirdPersonExampleMap
[2020.10.08-23.36.02:527][366]LogPlayLevel: PIE: StaticDuplicateObject took: (0.009985s)
[2020.10.08-23.36.02:528][366]LogAIModule: Creating AISystem for world ThirdPersonExampleMap
[2020.10.08-23.36.02:528][366]LogPlayLevel: PIE: World Init took: (0.001354s)
[2020.10.08-23.36.02:528][366]LogPlayLevel: PIE: Created PIE world by copying editor world from /Game/ThirdPersonBP/Maps/ThirdPersonExampleMap.ThirdPersonExampleMap to /Game/ThirdPersonBP/Maps/UEDPIE_0_ThirdPersonExampleMap.ThirdPersonExampleMap (0.011611s)
[2020.10.08-23.36.02:557][366]LogUObjectHash: Compacting FUObjectHashTables data took   1.54ms
[2020.10.08-23.36.02:568][366]LogInit: XAudio2 using 'Speakers (Realtek High Definition Audio)' : 2 channels at 48 kHz using 32 bits per sample (channel mask 0x3)
[2020.10.08-23.36.02:587][366]LogInit: FAudioDevice initialized.
[2020.10.08-23.36.02:596][366]LogSlate: Updating window title bar state: overlay mode, drag disabled, window buttons hidden, title bar hidden
[2020.10.08-23.36.02:630][366]LogLoad: Game class is 'ThirdPersonGameMode_C'
[2020.10.08-23.36.02:632][366]LogWorld: Bringing World /Game/ThirdPersonBP/Maps/UEDPIE_0_ThirdPersonExampleMap.ThirdPersonExampleMap up for play (max tick rate 60) at 2020.10.08-19.36.02
[2020.10.08-23.36.02:633][366]LogWorld: Bringing up level for play took: 0.000975
[2020.10.08-23.36.02:650][366]PIE: Play in editor start time for /Game/ThirdPersonBP/Maps/UEDPIE_0_ThirdPersonExampleMap -0.323
[2020.10.08-23.36.02:651][366]LogBlueprintUserMessages: Late PlayInEditor Detection: Level '/Game/ThirdPersonBP/Maps/ThirdPersonExampleMap.ThirdPersonExampleMap:PersistentLevel' has LevelScriptBlueprint '/Game/ThirdPersonBP/Maps/ThirdPersonExampleMap.ThirdPersonExampleMap:PersistentLevel.ThirdPersonExampleMap' with GeneratedClass '/Game/ThirdPersonBP/Maps/ThirdPersonExampleMap.ThirdPersonExampleMap_C' with ClassGeneratedBy '/Game/ThirdPersonBP/Maps/ThirdPersonExampleMap.ThirdPersonExampleMap:PersistentLevel.ThirdPersonExampleMap'
[2020.10.08-23.36.05:580][539]LogBlueprintUserMessages: Early EndPlayMap Detection: Level '/Game/ThirdPersonBP/Maps/ThirdPersonExampleMap.ThirdPersonExampleMap:PersistentLevel' has LevelScriptBlueprint '/Game/ThirdPersonBP/Maps/ThirdPersonExampleMap.ThirdPersonExampleMap:PersistentLevel.ThirdPersonExampleMap' with GeneratedClass '/Game/ThirdPersonBP/Maps/ThirdPersonExampleMap.ThirdPersonExampleMap_C' with ClassGeneratedBy '/Game/ThirdPersonBP/Maps/ThirdPersonExampleMap.ThirdPersonExampleMap:PersistentLevel.ThirdPersonExampleMap'
[2020.10.08-23.36.05:580][539]LogSlate: Updating window title bar state: overlay mode, drag disabled, window buttons hidden, title bar hidden
[2020.10.08-23.36.05:593][539]LogSlate: Window 'Homework3 Game Preview Standalone (64-bit/PCD3D_SM5)' being destroyed
[2020.10.08-23.36.05:627][539]LogPlayLevel: Display: Shutting down PIE online subsystems
[2020.10.08-23.36.05:628][539]LogBlueprintUserMessages: Late EndPlayMap Detection: Level '/Game/ThirdPersonBP/Maps/ThirdPersonExampleMap.ThirdPersonExampleMap:PersistentLevel' has LevelScriptBlueprint '/Game/ThirdPersonBP/Maps/ThirdPersonExampleMap.ThirdPersonExampleMap:PersistentLevel.ThirdPersonExampleMap' with GeneratedClass '/Game/ThirdPersonBP/Maps/ThirdPersonExampleMap.ThirdPersonExampleMap_C' with ClassGeneratedBy '/Game/ThirdPersonBP/Maps/ThirdPersonExampleMap.ThirdPersonExampleMap:PersistentLevel.ThirdPersonExampleMap'
[2020.10.08-23.36.05:668][539]LogUObjectHash: Compacting FUObjectHashTables data took   1.74ms
[2020.10.08-23.36.05:683][540]LogPlayLevel: Display: Destroying online subsystem :Context_16
[2020.10.08-23.36.20:873][797]Cmd: OBJ SAVEPACKAGE PACKAGE="/Game/TPS/BP_TPS" FILE="../../../../New folder/Homework3/Homework3/Content/TPS/BP_TPS.uasset" SILENT=true
[2020.10.08-23.36.20:943][797]LogSavePackage: Moving '../../../../New folder/Homework3/Homework3/Saved/BP_TPSBD81A9DC4023BC67D6D93FB9E46A499B.tmp' to '../../../../New folder/Homework3/Homework3/Content/TPS/BP_TPS.uasset'
[2020.10.08-23.36.24:575][ 14]LogEditorViewport: Clicking on Actor (LMB): PlayerStart (NetworkPlayerStart)
[2020.10.08-23.36.32:032][458]LogSlate: FSceneViewport::OnFocusLost() reason 0
[2020.10.08-23.36.32:132][464]LogTemp: Repeating last play command: New Editor Window (PIE)
[2020.10.08-23.36.32:148][464]LogBlueprintUserMessages: Early PlayInEditor Detection: Level '/Game/ThirdPersonBP/Maps/ThirdPersonExampleMap.ThirdPersonExampleMap:PersistentLevel' has LevelScriptBlueprint '/Game/ThirdPersonBP/Maps/ThirdPersonExampleMap.ThirdPersonExampleMap:PersistentLevel.ThirdPersonExampleMap' with GeneratedClass '/Game/ThirdPersonBP/Maps/ThirdPersonExampleMap.ThirdPersonExampleMap_C' with ClassGeneratedBy '/Game/ThirdPersonBP/Maps/ThirdPersonExampleMap.ThirdPersonExampleMap:PersistentLevel.ThirdPersonExampleMap'
[2020.10.08-23.36.32:148][464]LogPlayLevel: PlayLevel: No blueprints needed recompiling
[2020.10.08-23.36.32:148][464]PIE: New page: PIE session: ThirdPersonExampleMap (Oct 8, 2020, 3:36:32 PM)
[2020.10.08-23.36.32:148][464]LogPlayLevel: Creating play world package: /Game/ThirdPersonBP/Maps/UEDPIE_0_ThirdPersonExampleMap
[2020.10.08-23.36.32:159][464]LogPlayLevel: PIE: StaticDuplicateObject took: (0.011082s)
[2020.10.08-23.36.32:160][464]LogAIModule: Creating AISystem for world ThirdPersonExampleMap
[2020.10.08-23.36.32:161][464]LogPlayLevel: PIE: World Init took: (0.001209s)
[2020.10.08-23.36.32:161][464]LogPlayLevel: PIE: Created PIE world by copying editor world from /Game/ThirdPersonBP/Maps/ThirdPersonExampleMap.ThirdPersonExampleMap to /Game/ThirdPersonBP/Maps/UEDPIE_0_ThirdPersonExampleMap.ThirdPersonExampleMap (0.012559s)
[2020.10.08-23.36.32:195][464]LogUObjectHash: Compacting FUObjectHashTables data took   1.70ms
[2020.10.08-23.36.32:207][464]LogInit: XAudio2 using 'Speakers (Realtek High Definition Audio)' : 2 channels at 48 kHz using 32 bits per sample (channel mask 0x3)
[2020.10.08-23.36.32:228][464]LogInit: FAudioDevice initialized.
[2020.10.08-23.36.32:238][464]LogSlate: Updating window title bar state: overlay mode, drag disabled, window buttons hidden, title bar hidden
[2020.10.08-23.36.32:274][464]LogLoad: Game class is 'ThirdPersonGameMode_C'
[2020.10.08-23.36.32:275][464]LogWorld: Bringing World /Game/ThirdPersonBP/Maps/UEDPIE_0_ThirdPersonExampleMap.ThirdPersonExampleMap up for play (max tick rate 60) at 2020.10.08-19.36.32
[2020.10.08-23.36.32:276][464]LogWorld: Bringing up level for play took: 0.001091
[2020.10.08-23.36.32:294][464]PIE: Play in editor start time for /Game/ThirdPersonBP/Maps/UEDPIE_0_ThirdPersonExampleMap -0.678
[2020.10.08-23.36.32:295][464]LogBlueprintUserMessages: Late PlayInEditor Detection: Level '/Game/ThirdPersonBP/Maps/ThirdPersonExampleMap.ThirdPersonExampleMap:PersistentLevel' has LevelScriptBlueprint '/Game/ThirdPersonBP/Maps/ThirdPersonExampleMap.ThirdPersonExampleMap:PersistentLevel.ThirdPersonExampleMap' with GeneratedClass '/Game/ThirdPersonBP/Maps/ThirdPersonExampleMap.ThirdPersonExampleMap_C' with ClassGeneratedBy '/Game/ThirdPersonBP/Maps/ThirdPersonExampleMap.ThirdPersonExampleMap:PersistentLevel.ThirdPersonExampleMap'
[2020.10.08-23.36.33:164][515]LogBlueprintUserMessages: Early EndPlayMap Detection: Level '/Game/ThirdPersonBP/Maps/ThirdPersonExampleMap.ThirdPersonExampleMap:PersistentLevel' has LevelScriptBlueprint '/Game/ThirdPersonBP/Maps/ThirdPersonExampleMap.ThirdPersonExampleMap:PersistentLevel.ThirdPersonExampleMap' with GeneratedClass '/Game/ThirdPersonBP/Maps/ThirdPersonExampleMap.ThirdPersonExampleMap_C' with ClassGeneratedBy '/Game/ThirdPersonBP/Maps/ThirdPersonExampleMap.ThirdPersonExampleMap:PersistentLevel.ThirdPersonExampleMap'
[2020.10.08-23.36.33:164][515]LogSlate: Updating window title bar state: overlay mode, drag disabled, window buttons hidden, title bar hidden
[2020.10.08-23.36.33:176][515]LogSlate: Window 'Homework3 Game Preview Standalone (64-bit/PCD3D_SM5)' being destroyed
[2020.10.08-23.36.33:211][515]LogPlayLevel: Display: Shutting down PIE online subsystems
[2020.10.08-23.36.33:211][515]LogBlueprintUserMessages: Late EndPlayMap Detection: Level '/Game/ThirdPersonBP/Maps/ThirdPersonExampleMap.ThirdPersonExampleMap:PersistentLevel' has LevelScriptBlueprint '/Game/ThirdPersonBP/Maps/ThirdPersonExampleMap.ThirdPersonExampleMap:PersistentLevel.ThirdPersonExampleMap' with GeneratedClass '/Game/ThirdPersonBP/Maps/ThirdPersonExampleMap.ThirdPersonExampleMap_C' with ClassGeneratedBy '/Game/ThirdPersonBP/Maps/ThirdPersonExampleMap.ThirdPersonExampleMap:PersistentLevel.ThirdPersonExampleMap'
[2020.10.08-23.36.33:248][515]LogUObjectHash: Compacting FUObjectHashTables data took   1.69ms
[2020.10.08-23.36.33:265][516]LogPlayLevel: Display: Destroying online subsystem :Context_17
[2020.10.09-03.59.13:386][512]LogTemp: Repeating last play command: New Editor Window (PIE)
[2020.10.09-03.59.13:558][512]LogBlueprintUserMessages: Early PlayInEditor Detection: Level '/Game/ThirdPersonBP/Maps/ThirdPersonExampleMap.ThirdPersonExampleMap:PersistentLevel' has LevelScriptBlueprint '/Game/ThirdPersonBP/Maps/ThirdPersonExampleMap.ThirdPersonExampleMap:PersistentLevel.ThirdPersonExampleMap' with GeneratedClass '/Game/ThirdPersonBP/Maps/ThirdPersonExampleMap.ThirdPersonExampleMap_C' with ClassGeneratedBy '/Game/ThirdPersonBP/Maps/ThirdPersonExampleMap.ThirdPersonExampleMap:PersistentLevel.ThirdPersonExampleMap'
[2020.10.09-03.59.13:561][512]LogPlayLevel: PlayLevel: No blueprints needed recompiling
[2020.10.09-03.59.13:567][512]PIE: New page: PIE session: ThirdPersonExampleMap (Oct 8, 2020, 7:59:13 PM)
[2020.10.09-03.59.13:575][512]LogPlayLevel: Creating play world package: /Game/ThirdPersonBP/Maps/UEDPIE_0_ThirdPersonExampleMap
[2020.10.09-03.59.13:669][512]LogPlayLevel: PIE: StaticDuplicateObject took: (0.092723s)
[2020.10.09-03.59.13:700][512]LogAIModule: Creating AISystem for world ThirdPersonExampleMap
[2020.10.09-03.59.13:713][512]LogPlayLevel: PIE: World Init took: (0.043400s)
[2020.10.09-03.59.13:713][512]LogPlayLevel: PIE: Created PIE world by copying editor world from /Game/ThirdPersonBP/Maps/ThirdPersonExampleMap.ThirdPersonExampleMap to /Game/ThirdPersonBP/Maps/UEDPIE_0_ThirdPersonExampleMap.ThirdPersonExampleMap (0.138874s)
[2020.10.09-03.59.13:842][512]LogUObjectHash: Compacting FUObjectHashTables data took   9.20ms
[2020.10.09-03.59.13:868][512]LogInit: XAudio2 using 'Speakers (Realtek High Definition Audio)' : 2 channels at 48 kHz using 32 bits per sample (channel mask 0x3)
[2020.10.09-03.59.13:897][512]LogInit: FAudioDevice initialized.
[2020.10.09-03.59.13:925][512]LogSlate: Updating window title bar state: overlay mode, drag disabled, window buttons hidden, title bar hidden
[2020.10.09-03.59.13:968][512]LogLoad: Game class is 'ThirdPersonGameMode_C'
[2020.10.09-03.59.13:990][512]LogWorld: Bringing World /Game/ThirdPersonBP/Maps/UEDPIE_0_ThirdPersonExampleMap.ThirdPersonExampleMap up for play (max tick rate 0) at 2020.10.08-23.59.13
[2020.10.09-03.59.13:992][512]LogWorld: Bringing up level for play took: 0.016507
[2020.10.09-03.59.14:088][512]PIE: Play in editor start time for /Game/ThirdPersonBP/Maps/UEDPIE_0_ThirdPersonExampleMap 1.115
[2020.10.09-03.59.14:100][512]LogBlueprintUserMessages: Late PlayInEditor Detection: Level '/Game/ThirdPersonBP/Maps/ThirdPersonExampleMap.ThirdPersonExampleMap:PersistentLevel' has LevelScriptBlueprint '/Game/ThirdPersonBP/Maps/ThirdPersonExampleMap.ThirdPersonExampleMap:PersistentLevel.ThirdPersonExampleMap' with GeneratedClass '/Game/ThirdPersonBP/Maps/ThirdPersonExampleMap.ThirdPersonExampleMap_C' with ClassGeneratedBy '/Game/ThirdPersonBP/Maps/ThirdPersonExampleMap.ThirdPersonExampleMap:PersistentLevel.ThirdPersonExampleMap'
[2020.10.09-03.59.19:015][734]LogBlueprintUserMessages: Early EndPlayMap Detection: Level '/Game/ThirdPersonBP/Maps/ThirdPersonExampleMap.ThirdPersonExampleMap:PersistentLevel' has LevelScriptBlueprint '/Game/ThirdPersonBP/Maps/ThirdPersonExampleMap.ThirdPersonExampleMap:PersistentLevel.ThirdPersonExampleMap' with GeneratedClass '/Game/ThirdPersonBP/Maps/ThirdPersonExampleMap.ThirdPersonExampleMap_C' with ClassGeneratedBy '/Game/ThirdPersonBP/Maps/ThirdPersonExampleMap.ThirdPersonExampleMap:PersistentLevel.ThirdPersonExampleMap'
[2020.10.09-03.59.19:017][734]LogSlate: Updating window title bar state: overlay mode, drag disabled, window buttons hidden, title bar hidden
[2020.10.09-03.59.19:030][734]LogSlate: Window 'Homework3 Game Preview Standalone (64-bit/PCD3D_SM5)' being destroyed
[2020.10.09-03.59.19:078][734]LogPlayLevel: Display: Shutting down PIE online subsystems
[2020.10.09-03.59.19:079][734]LogBlueprintUserMessages: Late EndPlayMap Detection: Level '/Game/ThirdPersonBP/Maps/ThirdPersonExampleMap.ThirdPersonExampleMap:PersistentLevel' has LevelScriptBlueprint '/Game/ThirdPersonBP/Maps/ThirdPersonExampleMap.ThirdPersonExampleMap:PersistentLevel.ThirdPersonExampleMap' with GeneratedClass '/Game/ThirdPersonBP/Maps/ThirdPersonExampleMap.ThirdPersonExampleMap_C' with ClassGeneratedBy '/Game/ThirdPersonBP/Maps/ThirdPersonExampleMap.ThirdPersonExampleMap:PersistentLevel.ThirdPersonExampleMap'
[2020.10.09-03.59.19:132][734]LogUObjectHash: Compacting FUObjectHashTables data took   2.04ms
[2020.10.09-03.59.19:165][735]LogPlayLevel: Display: Destroying online subsystem :Context_18
[2020.10.09-03.59.55:634][965]LogTemp: Repeating last play command: New Editor Window (PIE)
[2020.10.09-03.59.55:650][965]LogBlueprintUserMessages: Early PlayInEditor Detection: Level '/Game/ThirdPersonBP/Maps/ThirdPersonExampleMap.ThirdPersonExampleMap:PersistentLevel' has LevelScriptBlueprint '/Game/ThirdPersonBP/Maps/ThirdPersonExampleMap.ThirdPersonExampleMap:PersistentLevel.ThirdPersonExampleMap' with GeneratedClass '/Game/ThirdPersonBP/Maps/ThirdPersonExampleMap.ThirdPersonExampleMap_C' with ClassGeneratedBy '/Game/ThirdPersonBP/Maps/ThirdPersonExampleMap.ThirdPersonExampleMap:PersistentLevel.ThirdPersonExampleMap'
[2020.10.09-03.59.55:650][965]LogPlayLevel: PlayLevel: No blueprints needed recompiling
[2020.10.09-03.59.55:651][965]PIE: New page: PIE session: ThirdPersonExampleMap (Oct 8, 2020, 7:59:55 PM)
[2020.10.09-03.59.55:651][965]LogPlayLevel: Creating play world package: /Game/ThirdPersonBP/Maps/UEDPIE_0_ThirdPersonExampleMap
[2020.10.09-03.59.55:669][965]LogPlayLevel: PIE: StaticDuplicateObject took: (0.017884s)
[2020.10.09-03.59.55:670][965]LogAIModule: Creating AISystem for world ThirdPersonExampleMap
[2020.10.09-03.59.55:670][965]LogPlayLevel: PIE: World Init took: (0.001022s)
[2020.10.09-03.59.55:670][965]LogPlayLevel: PIE: Created PIE world by copying editor world from /Game/ThirdPersonBP/Maps/ThirdPersonExampleMap.ThirdPersonExampleMap to /Game/ThirdPersonBP/Maps/UEDPIE_0_ThirdPersonExampleMap.ThirdPersonExampleMap (0.019120s)
[2020.10.09-03.59.55:715][965]LogUObjectHash: Compacting FUObjectHashTables data took   2.92ms
[2020.10.09-03.59.55:732][965]LogInit: XAudio2 using 'Speakers (Realtek High Definition Audio)' : 2 channels at 48 kHz using 32 bits per sample (channel mask 0x3)
[2020.10.09-03.59.55:754][965]LogInit: FAudioDevice initialized.
[2020.10.09-03.59.55:767][965]LogSlate: Updating window title bar state: overlay mode, drag disabled, window buttons hidden, title bar hidden
[2020.10.09-03.59.55:802][965]LogLoad: Game class is 'ThirdPersonGameMode_C'
[2020.10.09-03.59.55:804][965]LogWorld: Bringing World /Game/ThirdPersonBP/Maps/UEDPIE_0_ThirdPersonExampleMap.ThirdPersonExampleMap up for play (max tick rate 0) at 2020.10.08-23.59.55
[2020.10.09-03.59.55:805][965]LogWorld: Bringing up level for play took: 0.001292
[2020.10.09-03.59.55:825][965]PIE: Play in editor start time for /Game/ThirdPersonBP/Maps/UEDPIE_0_ThirdPersonExampleMap 0.853
[2020.10.09-03.59.55:826][965]LogBlueprintUserMessages: Late PlayInEditor Detection: Level '/Game/ThirdPersonBP/Maps/ThirdPersonExampleMap.ThirdPersonExampleMap:PersistentLevel' has LevelScriptBlueprint '/Game/ThirdPersonBP/Maps/ThirdPersonExampleMap.ThirdPersonExampleMap:PersistentLevel.ThirdPersonExampleMap' with GeneratedClass '/Game/ThirdPersonBP/Maps/ThirdPersonExampleMap.ThirdPersonExampleMap_C' with ClassGeneratedBy '/Game/ThirdPersonBP/Maps/ThirdPersonExampleMap.ThirdPersonExampleMap:PersistentLevel.ThirdPersonExampleMap'
[2020.10.09-04.02.18:195][ 87]LogSlate: FSceneViewport::OnFocusLost() reason 0
[2020.10.09-04.02.18:295][ 92]LogSlate: Window 'Homework3 Game Preview Standalone (64-bit/PCD3D_SM5)' being destroyed
[2020.10.09-04.02.18:305][ 92]LogBlueprintUserMessages: Early EndPlayMap Detection: Level '/Game/ThirdPersonBP/Maps/ThirdPersonExampleMap.ThirdPersonExampleMap:PersistentLevel' has LevelScriptBlueprint '/Game/ThirdPersonBP/Maps/ThirdPersonExampleMap.ThirdPersonExampleMap:PersistentLevel.ThirdPersonExampleMap' with GeneratedClass '/Game/ThirdPersonBP/Maps/ThirdPersonExampleMap.ThirdPersonExampleMap_C' with ClassGeneratedBy '/Game/ThirdPersonBP/Maps/ThirdPersonExampleMap.ThirdPersonExampleMap:PersistentLevel.ThirdPersonExampleMap'
[2020.10.09-04.02.18:337][ 92]LogPlayLevel: Display: Shutting down PIE online subsystems
[2020.10.09-04.02.18:337][ 92]LogBlueprintUserMessages: Late EndPlayMap Detection: Level '/Game/ThirdPersonBP/Maps/ThirdPersonExampleMap.ThirdPersonExampleMap:PersistentLevel' has LevelScriptBlueprint '/Game/ThirdPersonBP/Maps/ThirdPersonExampleMap.ThirdPersonExampleMap:PersistentLevel.ThirdPersonExampleMap' with GeneratedClass '/Game/ThirdPersonBP/Maps/ThirdPersonExampleMap.ThirdPersonExampleMap_C' with ClassGeneratedBy '/Game/ThirdPersonBP/Maps/ThirdPersonExampleMap.ThirdPersonExampleMap:PersistentLevel.ThirdPersonExampleMap'
[2020.10.09-04.02.18:379][ 92]LogUObjectHash: Compacting FUObjectHashTables data took   1.95ms
[2020.10.09-04.02.18:406][ 93]LogPlayLevel: Display: Destroying online subsystem :Context_19
